==============================================================
File generated by Vivado(TM) HLS - High-Level Synthesis from C, C++ and SystemC
Version: 2014.2
Copyright (C) 2014 Xilinx Inc. All rights reserved.

==============================================================

@I [SYN-201] Setting up clock 'default' with a period of 10ns.
@I [SIM-1] CSim done with 0 errors.
@I [HLS-10] Analyzing design file 'cordic.cpp' ... 
cordic.cpp:85:30: warning: '/*' within block comment [-Wcomment]
  #define PI 843314856       /* 3.141593.. in <32,28> */
                             ^
1 warning generated.
@I [HLS-10] Validating synthesis directives ...
@I [HLS-10] Starting code transformations ...
@I [HLS-10] Checking synthesizability ...
@I [HLS-111] Elapsed time: 2.62 seconds; current memory usage: 109 MB.
@I [HLS-10] Starting hardware synthesis ...
@I [HLS-10] Synthesizing 'cordic' ...
@I [HLS-10] ----------------------------------------------------------------
@I [HLS-10] -- Scheduling module 'cordic' 
@I [HLS-10] ----------------------------------------------------------------
@I [SCHED-11] Starting scheduling ...
@I [SCHED-11] Finished scheduling.
@I [HLS-111] Elapsed time: 0.1 seconds; current memory usage: 109 MB.
@I [HLS-10] ----------------------------------------------------------------
@I [HLS-10] -- Exploring micro-architecture for module 'cordic' 
@I [HLS-10] ----------------------------------------------------------------
@I [BIND-100] Starting micro-architecture generation ...
@I [BIND-101] Performing variable lifetime analysis.
@I [BIND-101] Exploring resource sharing.
@I [BIND-101] Binding ...
@I [BIND-100] Finished micro-architecture generation.
@I [HLS-111] Elapsed time: 0.03 seconds; current memory usage: 110 MB.
@I [HLS-10] ----------------------------------------------------------------
@I [HLS-10] -- Generating RTL for module 'cordic' 
@I [HLS-10] ----------------------------------------------------------------
@I [RTGEN-500] Setting interface mode on port 'cordic/theta' to 'ap_none'.
@I [RTGEN-500] Setting interface mode on port 'cordic/s' to 'ap_vld'.
@I [RTGEN-500] Setting interface mode on port 'cordic/c' to 'ap_vld'.
@I [RTGEN-500] Setting interface mode on function 'cordic' to 'ap_ctrl_hs'.
@I [RTGEN-100] Generating core module 'cordic_dadddsub_64ns_64ns_64_5_full_dsp': 1 instance(s).
@I [RTGEN-100] Generating core module 'cordic_dcmp_64ns_64ns_1_3': 1 instance(s).
@I [RTGEN-100] Generating core module 'cordic_ddiv_64ns_64ns_64_31': 1 instance(s).
@I [RTGEN-100] Generating core module 'cordic_uitodp_32ns_64_6': 1 instance(s).
@I [RTGEN-100] Finished creating RTL model for 'cordic'.
@I [HLS-111] Elapsed time: 0.08 seconds; current memory usage: 110 MB.
@I [RTMG-279] Implementing memory 'cordic_angles_rom' using auto ROMs.
@I [HLS-10] Finished generating all RTL models.
@I [WSYSC-301] Generating RTL SystemC for 'cordic'.
@I [WVHDL-304] Generating RTL VHDL for 'cordic'.
@I [WVLOG-307] Generating RTL Verilog for 'cordic'.
@I [HLS-112] Total elapsed time: 65.523 seconds; peak memory usage: 110 MB.
@I [LIC-101] Checked in feature [HLS]
