==============================================================
File generated by Vivado(TM) HLS - High-Level Synthesis from C, C++ and SystemC
Version: 2014.2
Copyright (C) 2014 Xilinx Inc. All rights reserved.

==============================================================

@I [SYN-201] Setting up clock 'default' with a period of 10ns.
@I [SIM-1] CSim done with 0 errors.
@I [HLS-10] Analyzing design file 'cordic.cpp' ... 
cordic.cpp:25:18: warning: extra tokens at end of #ifdef directive [-Wextra-tokens]
    #ifdef INT_W 4             // <32,4>
                 ^
                 //
1 warning generated.
@I [HLS-10] Validating synthesis directives ...
@I [HLS-10] Starting code transformations ...
@I [XFORM-603] Inlining function 'ap_fixed_base<32, 20, true, (ap_q_mode)5, (ap_o_mode)3, 0>::operator>>' into 'cordic' (cordic.cpp:78).
@I [XFORM-603] Inlining function 'ap_fixed_base<32, 20, true, (ap_q_mode)5, (ap_o_mode)3, 0>::operator>>' into 'cordic' (cordic.cpp:77).
@I [XFORM-603] Inlining function 'ap_fixed_base<32, 20, true, (ap_q_mode)5, (ap_o_mode)3, 0>::operator>>' into 'cordic' (cordic.cpp:72).
@I [XFORM-603] Inlining function 'ap_fixed_base<32, 20, true, (ap_q_mode)5, (ap_o_mode)3, 0>::operator>>' into 'cordic' (cordic.cpp:71).
@I [HLS-10] Checking synthesizability ...
@I [XFORM-401] Performing if-conversion on hyperblock from (cordic.cpp:70:8) to (cordic.cpp:69:23) in function 'cordic'... converting 4 basic blocks.
@I [HLS-111] Elapsed time: 3.54 seconds; current memory usage: 90.6 MB.
@I [HLS-10] Starting hardware synthesis ...
@I [HLS-10] Synthesizing 'cordic' ...
@I [HLS-10] ----------------------------------------------------------------
@I [HLS-10] -- Scheduling module 'cordic' 
@I [HLS-10] ----------------------------------------------------------------
@I [SCHED-11] Starting scheduling ...
@I [SCHED-11] Finished scheduling.
@I [HLS-111] Elapsed time: 0.09 seconds; current memory usage: 90.7 MB.
@I [HLS-10] ----------------------------------------------------------------
@I [HLS-10] -- Exploring micro-architecture for module 'cordic' 
@I [HLS-10] ----------------------------------------------------------------
@I [BIND-100] Starting micro-architecture generation ...
@I [BIND-101] Performing variable lifetime analysis.
@I [BIND-101] Exploring resource sharing.
@I [BIND-101] Binding ...
@I [BIND-100] Finished micro-architecture generation.
@I [HLS-111] Elapsed time: 0.01 seconds; current memory usage: 90.9 MB.
@I [HLS-10] ----------------------------------------------------------------
@I [HLS-10] -- Generating RTL for module 'cordic' 
@I [HLS-10] ----------------------------------------------------------------
@I [RTGEN-500] Setting interface mode on port 'cordic/theta_V' to 'ap_none'.
@I [RTGEN-500] Setting interface mode on port 'cordic/s_V' to 'ap_vld'.
@I [RTGEN-500] Setting interface mode on port 'cordic/c_V' to 'ap_vld'.
@I [RTGEN-500] Setting interface mode on function 'cordic' to 'ap_ctrl_hs'.
@I [RTGEN-100] Finished creating RTL model for 'cordic'.
@I [HLS-111] Elapsed time: 0.05 seconds; current memory usage: 91 MB.
@I [RTMG-279] Implementing memory 'cordic_angles_rom' using distributed ROMs.
@I [HLS-10] Finished generating all RTL models.
@I [WSYSC-301] Generating RTL SystemC for 'cordic'.
@I [WVHDL-304] Generating RTL VHDL for 'cordic'.
@I [WVLOG-307] Generating RTL Verilog for 'cordic'.
@I [HLS-112] Total elapsed time: 69.32 seconds; peak memory usage: 91 MB.
@I [LIC-101] Checked in feature [HLS]
