

================================================================
== Vivado HLS Report for 'cordic'
================================================================
* Date:           Tue Sep  8 00:47:07 2015

* Version:        2014.2 (Build 932637 on Wed Jun 11 12:38:34 PM 2014)
* Project:        fixed_64_10_20.prj
* Solution:       solution1
* Product family: zynq zynq_fpv6 
* Target device:  xc7z020clg484-1


================================================================
== Performance Estimates
================================================================
+ Timing (ns): 
    * Summary: 
    +---------+-------+----------+------------+
    |  Clock  | Target| Estimated| Uncertainty|
    +---------+-------+----------+------------+
    |default  |  10.00|      8.34|        1.25|
    +---------+-------+----------+------------+

+ Latency (clock cycles): 
    * Summary: 
    +-----+-----+-----+-----+---------+
    |  Latency  |  Interval | Pipeline|
    | min | max | min | max |   Type  |
    +-----+-----+-----+-----+---------+
    |   61|   61|   62|   62|   none  |
    +-----+-----+-----+-----+---------+

    + Detail: 
        * Instance: 
        N/A

        * Loop: 
        +----------+-----+-----+----------+-----------+-----------+------+----------+
        |          |  Latency  | Iteration|  Initiation Interval  | Trip |          |
        | Loop Name| min | max |  Latency |  achieved |   target  | Count| Pipelined|
        +----------+-----+-----+----------+-----------+-----------+------+----------+
        |- Loop 1  |   60|   60|         2|          -|          -|    30|    no    |
        +----------+-----+-----+----------+-----------+-----------+------+----------+



================================================================
== Utilization Estimates
================================================================
* Summary: 
+-----------------+---------+-------+--------+-------+
|       Name      | BRAM_18K| DSP48E|   FF   |  LUT  |
+-----------------+---------+-------+--------+-------+
|Expression       |        -|      -|       0|   1053|
|FIFO             |        -|      -|       -|      -|
|Instance         |        -|      -|       -|      -|
|Memory           |        2|      -|       0|      0|
|Multiplexer      |        -|      -|       -|    199|
|Register         |        -|      -|     333|      -|
+-----------------+---------+-------+--------+-------+
|Total            |        2|      0|     333|   1252|
+-----------------+---------+-------+--------+-------+
|Available        |      280|    220|  106400|  53200|
+-----------------+---------+-------+--------+-------+
|Utilization (%)  |    ~0   |      0|   ~0   |      2|
+-----------------+---------+-------+--------+-------+

+ Detail: 
    * Instance: 
    N/A

    * Memory: 
    +------------+-----------------+---------+---+----+------+-----+------+-------------+
    |   Memory   |      Module     | BRAM_18K| FF| LUT| Words| Bits| Banks| W*Bits*Banks|
    +------------+-----------------+---------+---+----+------+-----+------+-------------+
    |angles_V_U  |cordic_angles_V  |        2|  0|   0|    20|   54|     1|         1080|
    +------------+-----------------+---------+---+----+------+-----+------+-------------+
    |Total       |                 |        2|  0|   0|    20|   54|     1|         1080|
    +------------+-----------------+---------+---+----+------+-----+------+-------------+

    * FIFO: 
    N/A

    * Expression: 
    +-----------------------+----------+-------+---+-----+------------+------------+
    |     Variable Name     | Operation| DSP48E| FF| LUT | Bitwidth P0| Bitwidth P1|
    +-----------------------+----------+-------+---+-----+------------+------------+
    |T_V_1_fu_153_p2        |     +    |      0|  0|   64|          64|          64|
    |Y_V_fu_201_p2          |     +    |      0|  0|   64|          64|          64|
    |p_Val2_8_fu_171_p2     |     +    |      0|  0|   64|          64|          64|
    |step_fu_119_p2         |     +    |      0|  0|    5|           5|           1|
    |T_V_fu_141_p2          |     -    |      0|  0|   64|          64|          64|
    |p_Val2_6_fu_182_p2     |     -    |      0|  0|   64|          64|          64|
    |p_Val2_s_2_fu_177_p2   |     -    |      0|  0|   64|           1|          64|
    |X_V_2_fu_159_p3        |  Select  |      0|  0|   64|           1|          64|
    |current_V_fu_194_p3    |  Select  |      0|  0|   64|           1|          64|
    |p_Val2_3_pn_fu_188_p3  |  Select  |      0|  0|   64|           1|          64|
    |exitcond_fu_113_p2     |   icmp   |      0|  0|    5|           5|           3|
    |tmp_2_fu_125_p2        |   icmp   |      0|  0|   81|          64|          64|
    |p_Val2_1_fu_135_p2     |   lshr   |      0|  0|  193|          64|          64|
    |p_Val2_2_fu_147_p2     |   lshr   |      0|  0|  193|          64|          64|
    +-----------------------+----------+-------+---+-----+------------+------------+
    |Total                  |          |      0|  0| 1053|         526|         772|
    +-----------------------+----------+-------+---+-----+------------+------------+

    * Multiplexer: 
    +-------------------+----+-----------+-----+-----------+
    |        Name       | LUT| Input Size| Bits| Total Bits|
    +-------------------+----+-----------+-----+-----------+
    |ap_NS_fsm          |   2|          4|    2|          8|
    |p_Val2_3_reg_76    |  64|          2|   64|        128|
    |p_Val2_4_reg_64    |  64|          2|   64|        128|
    |p_Val2_s_reg_89    |  64|          2|   64|        128|
    |sh_assign_reg_101  |   5|          2|    5|         10|
    +-------------------+----+-----------+-----+-----------+
    |Total              | 199|         12|  199|        402|
    +-------------------+----+-----------+-----+-----------+

    * Register: 
    +-------------------+----+----+-----+-----------+
    |        Name       | FF | LUT| Bits| Const Bits|
    +-------------------+----+----+-----+-----------+
    |X_V_2_reg_237      |  64|   0|   64|          0|
    |ap_CS_fsm          |   2|   0|    2|          0|
    |p_Val2_2_reg_226   |  64|   0|   64|          0|
    |p_Val2_3_reg_76    |  64|   0|   64|          0|
    |p_Val2_4_reg_64    |  64|   0|   64|          0|
    |p_Val2_s_reg_89    |  64|   0|   64|          0|
    |sh_assign_reg_101  |   5|   0|    5|          0|
    |step_reg_215       |   5|   0|    5|          0|
    |tmp_2_reg_220      |   1|   0|    1|          0|
    +-------------------+----+----+-----+-----------+
    |Total              | 333|   0|  333|          0|
    +-------------------+----+----+-----+-----------+



================================================================
== Interface
================================================================
* Summary: 
+------------+-----+-----+------------+--------------+--------------+
|  RTL Ports | Dir | Bits|  Protocol  | Source Object|    C Type    |
+------------+-----+-----+------------+--------------+--------------+
|ap_clk      |  in |    1| ap_ctrl_hs |    cordic    | return value |
|ap_rst      |  in |    1| ap_ctrl_hs |    cordic    | return value |
|ap_start    |  in |    1| ap_ctrl_hs |    cordic    | return value |
|ap_done     | out |    1| ap_ctrl_hs |    cordic    | return value |
|ap_idle     | out |    1| ap_ctrl_hs |    cordic    | return value |
|ap_ready    | out |    1| ap_ctrl_hs |    cordic    | return value |
|theta_V     |  in |   64|   ap_none  |    theta_V   |    scalar    |
|s_V         | out |   64|   ap_vld   |      s_V     |    pointer   |
|s_V_ap_vld  | out |    1|   ap_vld   |      s_V     |    pointer   |
|c_V         | out |   64|   ap_vld   |      c_V     |    pointer   |
|c_V_ap_vld  | out |    1|   ap_vld   |      c_V     |    pointer   |
+------------+-----+-----+------------+--------------+--------------+

