

================================================================
== Vivado HLS Report for 'cordic'
================================================================
* Date:           Sat Sep  5 16:39:18 2015

* Version:        2014.2 (Build 932637 on Wed Jun 11 12:38:34 PM 2014)
* Project:        fixed_32_28_20.prj
* Solution:       solution1
* Product family: zynq zynq_fpv6 
* Target device:  xc7z020clg484-1


================================================================
== Performance Estimates
================================================================
+ Timing (ns): 
    * Summary: 
    +---------+-------+----------+------------+
    |  Clock  | Target| Estimated| Uncertainty|
    +---------+-------+----------+------------+
    |default  |  10.00|      6.61|        1.25|
    +---------+-------+----------+------------+

+ Latency (clock cycles): 
    * Summary: 
    +-----+-----+-----+-----+---------+
    |  Latency  |  Interval | Pipeline|
    | min | max | min | max |   Type  |
    +-----+-----+-----+-----+---------+
    |   41|   41|   42|   42|   none  |
    +-----+-----+-----+-----+---------+

    + Detail: 
        * Instance: 
        N/A

        * Loop: 
        +----------+-----+-----+----------+-----------+-----------+------+----------+
        |          |  Latency  | Iteration|  Initiation Interval  | Trip |          |
        | Loop Name| min | max |  Latency |  achieved |   target  | Count| Pipelined|
        +----------+-----+-----+----------+-----------+-----------+------+----------+
        |- Loop 1  |   40|   40|         2|          -|          -|    20|    no    |
        +----------+-----+-----+----------+-----------+-----------+------+----------+



================================================================
== Utilization Estimates
================================================================
* Summary: 
+-----------------+---------+-------+--------+-------+
|       Name      | BRAM_18K| DSP48E|   FF   |  LUT  |
+-----------------+---------+-------+--------+-------+
|Expression       |        -|      -|       -|      -|
|FIFO             |        -|      -|       -|      -|
|Instance         |        -|      -|       -|      -|
|Memory           |        -|      -|       -|      -|
|Multiplexer      |        -|      -|       -|      -|
|Register         |        -|      -|       -|      -|
+-----------------+---------+-------+--------+-------+
|Total            |        0|      0|       0|      0|
+-----------------+---------+-------+--------+-------+
|Available        |      280|    220|  106400|  53200|
+-----------------+---------+-------+--------+-------+
|Utilization (%)  |        0|      0|       0|      0|
+-----------------+---------+-------+--------+-------+

+ Detail: 
    * Instance: 
    N/A

    * Memory: 
    N/A

    * FIFO: 
    N/A

    * Expression: 
    N/A

    * Multiplexer: 
    N/A

    * Register: 
    N/A



================================================================
== Interface
================================================================
* Summary: 
N/A

============================================================
+ Verbose Summary: Synthesis Manager
============================================================
InlineROM: 1
ExposeGlobal: 0
============================================================
+ Verbose Summary: CDFG Model
============================================================
IsTopModel: 1
ResetActiveHigh: 1
IsCombinational: 0
IsDatapathOnly: 0
HasWiredReturn: 1
HasMFsm: 0
HasVarLatency: 1
IsPipeline: 0
IsRtlPipelined: 0
IsInstanceOverlapped: 0
IsDontTouch: 0
HasImplIP: 0
IsGatedGlobalClock: 0


============================================================
+ Verbose Summary: Schedule
============================================================
* Number of FSM states: 3
* Pipeline: 0
* Dataflow Pipeline: 0

* FSM state transitions: 
1 --> 
	2  / true
2 --> 
	3  / (!exitcond)
3 --> 
	2  / true
* FSM state operations: 

 <State 1>: 1.57ns
ST_1: stg_4 [1/1] 0.00ns
:0  call void (...)* @_ssdm_op_SpecBitsMap(i32 %theta_V), !map !7

ST_1: stg_5 [1/1] 0.00ns
:1  call void (...)* @_ssdm_op_SpecBitsMap(i32* %s_V), !map !13

ST_1: stg_6 [1/1] 0.00ns
:2  call void (...)* @_ssdm_op_SpecBitsMap(i32* %c_V), !map !17

ST_1: stg_7 [1/1] 0.00ns
:3  call void (...)* @_ssdm_op_SpecTopModule([7 x i8]* @str) nounwind

ST_1: theta_V_read [1/1] 0.00ns
:4  %theta_V_read = call i32 @_ssdm_op_Read.ap_auto.i32(i32 %theta_V)

ST_1: stg_9 [1/1] 1.57ns
:5  br label %1


 <State 2>: 6.61ns
ST_2: p_Val2_4 [1/1] 0.00ns
:0  %p_Val2_4 = phi i32 [ 0, %0 ], [ %current_V, %_ifconv ]

ST_2: p_Val2_3 [1/1] 0.00ns
:1  %p_Val2_3 = phi i32 [ 0, %0 ], [ %Y_V, %_ifconv ]

ST_2: p_Val2_s [1/1] 0.00ns
:2  %p_Val2_s = phi i32 [ 24160, %0 ], [ %X_V_2, %_ifconv ]

ST_2: sh_assign [1/1] 0.00ns
:3  %sh_assign = phi i5 [ 0, %0 ], [ %step, %_ifconv ]

ST_2: sh_assign_cast1 [1/1] 0.00ns
:4  %sh_assign_cast1 = zext i5 %sh_assign to i32

ST_2: exitcond [1/1] 1.91ns
:5  %exitcond = icmp eq i5 %sh_assign, -12

ST_2: empty [1/1] 0.00ns
:6  %empty = call i32 (...)* @_ssdm_op_SpecLoopTripCount(i64 20, i64 20, i64 20)

ST_2: step [1/1] 1.72ns
:7  %step = add i5 %sh_assign, 1

ST_2: stg_18 [1/1] 0.00ns
:8  br i1 %exitcond, label %2, label %_ifconv

ST_2: tmp_2 [1/1] 2.52ns
_ifconv:0  %tmp_2 = icmp slt i32 %p_Val2_4, %theta_V_read

ST_2: p_Val2_1 [1/1] 2.80ns
_ifconv:1  %p_Val2_1 = ashr i32 %p_Val2_3, %sh_assign_cast1

ST_2: T_V [1/1] 2.44ns
_ifconv:2  %T_V = sub i32 %p_Val2_s, %p_Val2_1

ST_2: p_Val2_2 [1/1] 2.80ns
_ifconv:3  %p_Val2_2 = ashr i32 %p_Val2_s, %sh_assign_cast1

ST_2: tmp_6 [1/1] 0.00ns
_ifconv:4  %tmp_6 = zext i5 %sh_assign to i64

ST_2: angles_addr [1/1] 0.00ns
_ifconv:5  %angles_addr = getelementptr [38 x i12]* @angles, i64 0, i64 %tmp_6

ST_2: p_Val2_6 [2/2] 2.39ns
_ifconv:6  %p_Val2_6 = load i12* %angles_addr, align 2

ST_2: T_V_1 [1/1] 2.44ns
_ifconv:10  %T_V_1 = add i32 %p_Val2_1, %p_Val2_s

ST_2: X_V_2 [1/1] 1.37ns
_ifconv:14  %X_V_2 = select i1 %tmp_2, i32 %T_V, i32 %T_V_1

ST_2: stg_28 [1/1] 0.00ns
:0  call void @_ssdm_op_Write.ap_auto.i32P(i32* %c_V, i32 %p_Val2_s)

ST_2: stg_29 [1/1] 0.00ns
:1  call void @_ssdm_op_Write.ap_auto.i32P(i32* %s_V, i32 %p_Val2_3)

ST_2: stg_30 [1/1] 0.00ns
:2  ret void


 <State 3>: 6.25ns
ST_3: p_Val2_6 [1/2] 2.39ns
_ifconv:6  %p_Val2_6 = load i12* %angles_addr, align 2

ST_3: tmp_s [1/1] 0.00ns
_ifconv:7  %tmp_s = call i16 @_ssdm_op_BitConcatenate.i16.i12.i4(i12 %p_Val2_6, i4 0)

ST_3: tmp_cast [1/1] 0.00ns
_ifconv:8  %tmp_cast = zext i16 %tmp_s to i32

ST_3: p_Val2_8 [1/1] 2.44ns
_ifconv:9  %p_Val2_8 = add i32 %tmp_cast, %p_Val2_4

ST_3: p_Val2_s_7 [1/1] 2.44ns
_ifconv:11  %p_Val2_s_7 = sub i32 0, %p_Val2_2

ST_3: p_Val2_5 [1/1] 2.44ns
_ifconv:12  %p_Val2_5 = sub i32 %p_Val2_4, %tmp_cast

ST_3: p_Val2_3_pn [1/1] 1.37ns
_ifconv:13  %p_Val2_3_pn = select i1 %tmp_2, i32 %p_Val2_2, i32 %p_Val2_s_7

ST_3: current_V [1/1] 1.37ns
_ifconv:15  %current_V = select i1 %tmp_2, i32 %p_Val2_8, i32 %p_Val2_5

ST_3: Y_V [1/1] 2.44ns
_ifconv:16  %Y_V = add i32 %p_Val2_3_pn, %p_Val2_3

ST_3: stg_40 [1/1] 0.00ns
_ifconv:17  br label %1



============================================================
+ Verbose Summary: Binding
============================================================
N/A
* FSMD analyzer results:
  - Output states:
  - Chain level:
	State 1
	State 2
	State 3


============================================================
+ Verbose Summary: Datapath Resource usage 
============================================================
N/A
