

================================================================
== Vivado HLS Report for 'cordic'
================================================================
* Date:           Tue Sep  8 00:47:07 2015

* Version:        2014.2 (Build 932637 on Wed Jun 11 12:38:34 PM 2014)
* Project:        fixed_64_10_20.prj
* Solution:       solution1
* Product family: zynq zynq_fpv6 
* Target device:  xc7z020clg484-1


================================================================
== Performance Estimates
================================================================
+ Timing (ns): 
    * Summary: 
    +---------+-------+----------+------------+
    |  Clock  | Target| Estimated| Uncertainty|
    +---------+-------+----------+------------+
    |default  |  10.00|      8.34|        1.25|
    +---------+-------+----------+------------+

+ Latency (clock cycles): 
    * Summary: 
    +-----+-----+-----+-----+---------+
    |  Latency  |  Interval | Pipeline|
    | min | max | min | max |   Type  |
    +-----+-----+-----+-----+---------+
    |   61|   61|   62|   62|   none  |
    +-----+-----+-----+-----+---------+

    + Detail: 
        * Instance: 
        N/A

        * Loop: 
        +----------+-----+-----+----------+-----------+-----------+------+----------+
        |          |  Latency  | Iteration|  Initiation Interval  | Trip |          |
        | Loop Name| min | max |  Latency |  achieved |   target  | Count| Pipelined|
        +----------+-----+-----+----------+-----------+-----------+------+----------+
        |- Loop 1  |   60|   60|         2|          -|          -|    30|    no    |
        +----------+-----+-----+----------+-----------+-----------+------+----------+



================================================================
== Utilization Estimates
================================================================
* Summary: 
+-----------------+---------+-------+--------+-------+
|       Name      | BRAM_18K| DSP48E|   FF   |  LUT  |
+-----------------+---------+-------+--------+-------+
|Expression       |        -|      -|       0|   1053|
|FIFO             |        -|      -|       -|      -|
|Instance         |        -|      -|       -|      -|
|Memory           |        2|      -|       0|      0|
|Multiplexer      |        -|      -|       -|    199|
|Register         |        -|      -|     333|      -|
+-----------------+---------+-------+--------+-------+
|Total            |        2|      0|     333|   1252|
+-----------------+---------+-------+--------+-------+
|Available        |      280|    220|  106400|  53200|
+-----------------+---------+-------+--------+-------+
|Utilization (%)  |    ~0   |      0|   ~0   |      2|
+-----------------+---------+-------+--------+-------+

+ Detail: 
    * Instance: 
    N/A

    * Memory: 
    +------------+-----------------+---------+---+----+------+-----+------+-------------+
    |   Memory   |      Module     | BRAM_18K| FF| LUT| Words| Bits| Banks| W*Bits*Banks|
    +------------+-----------------+---------+---+----+------+-----+------+-------------+
    |angles_V_U  |cordic_angles_V  |        2|  0|   0|    20|   54|     1|         1080|
    +------------+-----------------+---------+---+----+------+-----+------+-------------+
    |Total       |                 |        2|  0|   0|    20|   54|     1|         1080|
    +------------+-----------------+---------+---+----+------+-----+------+-------------+

    * FIFO: 
    N/A

    * Expression: 
    +-----------------------+----------+-------+---+-----+------------+------------+
    |     Variable Name     | Operation| DSP48E| FF| LUT | Bitwidth P0| Bitwidth P1|
    +-----------------------+----------+-------+---+-----+------------+------------+
    |T_V_1_fu_153_p2        |     +    |      0|  0|   64|          64|          64|
    |Y_V_fu_201_p2          |     +    |      0|  0|   64|          64|          64|
    |p_Val2_8_fu_171_p2     |     +    |      0|  0|   64|          64|          64|
    |step_fu_119_p2         |     +    |      0|  0|    5|           5|           1|
    |T_V_fu_141_p2          |     -    |      0|  0|   64|          64|          64|
    |p_Val2_6_fu_182_p2     |     -    |      0|  0|   64|          64|          64|
    |p_Val2_s_2_fu_177_p2   |     -    |      0|  0|   64|           1|          64|
    |X_V_2_fu_159_p3        |  Select  |      0|  0|   64|           1|          64|
    |current_V_fu_194_p3    |  Select  |      0|  0|   64|           1|          64|
    |p_Val2_3_pn_fu_188_p3  |  Select  |      0|  0|   64|           1|          64|
    |exitcond_fu_113_p2     |   icmp   |      0|  0|    5|           5|           3|
    |tmp_2_fu_125_p2        |   icmp   |      0|  0|   81|          64|          64|
    |p_Val2_1_fu_135_p2     |   lshr   |      0|  0|  193|          64|          64|
    |p_Val2_2_fu_147_p2     |   lshr   |      0|  0|  193|          64|          64|
    +-----------------------+----------+-------+---+-----+------------+------------+
    |Total                  |          |      0|  0| 1053|         526|         772|
    +-----------------------+----------+-------+---+-----+------------+------------+

    * Multiplexer: 
    +-------------------+----+-----------+-----+-----------+
    |        Name       | LUT| Input Size| Bits| Total Bits|
    +-------------------+----+-----------+-----+-----------+
    |ap_NS_fsm          |   2|          4|    2|          8|
    |p_Val2_3_reg_76    |  64|          2|   64|        128|
    |p_Val2_4_reg_64    |  64|          2|   64|        128|
    |p_Val2_s_reg_89    |  64|          2|   64|        128|
    |sh_assign_reg_101  |   5|          2|    5|         10|
    +-------------------+----+-----------+-----+-----------+
    |Total              | 199|         12|  199|        402|
    +-------------------+----+-----------+-----+-----------+

    * Register: 
    +-------------------+----+----+-----+-----------+
    |        Name       | FF | LUT| Bits| Const Bits|
    +-------------------+----+----+-----+-----------+
    |X_V_2_reg_237      |  64|   0|   64|          0|
    |ap_CS_fsm          |   2|   0|    2|          0|
    |p_Val2_2_reg_226   |  64|   0|   64|          0|
    |p_Val2_3_reg_76    |  64|   0|   64|          0|
    |p_Val2_4_reg_64    |  64|   0|   64|          0|
    |p_Val2_s_reg_89    |  64|   0|   64|          0|
    |sh_assign_reg_101  |   5|   0|    5|          0|
    |step_reg_215       |   5|   0|    5|          0|
    |tmp_2_reg_220      |   1|   0|    1|          0|
    +-------------------+----+----+-----+-----------+
    |Total              | 333|   0|  333|          0|
    +-------------------+----+----+-----+-----------+



================================================================
== Interface
================================================================
* Summary: 
+------------+-----+-----+------------+--------------+--------------+
|  RTL Ports | Dir | Bits|  Protocol  | Source Object|    C Type    |
+------------+-----+-----+------------+--------------+--------------+
|ap_clk      |  in |    1| ap_ctrl_hs |    cordic    | return value |
|ap_rst      |  in |    1| ap_ctrl_hs |    cordic    | return value |
|ap_start    |  in |    1| ap_ctrl_hs |    cordic    | return value |
|ap_done     | out |    1| ap_ctrl_hs |    cordic    | return value |
|ap_idle     | out |    1| ap_ctrl_hs |    cordic    | return value |
|ap_ready    | out |    1| ap_ctrl_hs |    cordic    | return value |
|theta_V     |  in |   64|   ap_none  |    theta_V   |    scalar    |
|s_V         | out |   64|   ap_vld   |      s_V     |    pointer   |
|s_V_ap_vld  | out |    1|   ap_vld   |      s_V     |    pointer   |
|c_V         | out |   64|   ap_vld   |      c_V     |    pointer   |
|c_V_ap_vld  | out |    1|   ap_vld   |      c_V     |    pointer   |
+------------+-----+-----+------------+--------------+--------------+

============================================================
+ Verbose Summary: Synthesis Manager
============================================================
InlineROM: 1
ExposeGlobal: 0
============================================================
+ Verbose Summary: CDFG Model
============================================================
IsTopModel: 1
ResetActiveHigh: 1
IsCombinational: 2
IsDatapathOnly: 2
HasWiredReturn: 1
HasMFsm: 0
HasVarLatency: 1
IsPipeline: 0
IsRtlPipelined: 0
IsInstanceOverlapped: 0
IsDontTouch: 0
HasImplIP: 0
IsGatedGlobalClock: 0


============================================================
+ Verbose Summary: Schedule
============================================================
* Number of FSM states: 3
* Pipeline: 0
* Dataflow Pipeline: 0

* FSM state transitions: 
1 --> 
	2  / true
2 --> 
	3  / (!exitcond)
3 --> 
	2  / true
* FSM state operations: 

 <State 1>: 1.57ns
ST_1: stg_4 [1/1] 0.00ns
codeRepl:0  call void (...)* @_ssdm_op_SpecBitsMap(i64 %theta_V), !map !7

ST_1: stg_5 [1/1] 0.00ns
codeRepl:1  call void (...)* @_ssdm_op_SpecBitsMap(i64* %s_V), !map !13

ST_1: stg_6 [1/1] 0.00ns
codeRepl:2  call void (...)* @_ssdm_op_SpecBitsMap(i64* %c_V), !map !17

ST_1: stg_7 [1/1] 0.00ns
codeRepl:3  call void (...)* @_ssdm_op_SpecTopModule([7 x i8]* @str) nounwind

ST_1: theta_V_read [1/1] 0.00ns
codeRepl:4  %theta_V_read = call i64 @_ssdm_op_Read.ap_auto.i64(i64 %theta_V)

ST_1: stg_9 [1/1] 1.57ns
codeRepl:5  br label %0


 <State 2>: 8.34ns
ST_2: p_Val2_4 [1/1] 0.00ns
:0  %p_Val2_4 = phi i64 [ 0, %codeRepl ], [ %current_V, %_ifconv ]

ST_2: p_Val2_3 [1/1] 0.00ns
:1  %p_Val2_3 = phi i64 [ 0, %codeRepl ], [ %Y_V, %_ifconv ]

ST_2: p_Val2_s [1/1] 0.00ns
:2  %p_Val2_s = phi i64 [ 10939296368999844, %codeRepl ], [ %X_V_2, %_ifconv ]

ST_2: sh_assign [1/1] 0.00ns
:3  %sh_assign = phi i5 [ 0, %codeRepl ], [ %step, %_ifconv ]

ST_2: exitcond [1/1] 1.91ns
:4  %exitcond = icmp eq i5 %sh_assign, -2

ST_2: empty [1/1] 0.00ns
:5  %empty = call i32 (...)* @_ssdm_op_SpecLoopTripCount(i64 30, i64 30, i64 30)

ST_2: step [1/1] 1.72ns
:6  %step = add i5 %sh_assign, 1

ST_2: stg_17 [1/1] 0.00ns
:7  br i1 %exitcond, label %1, label %_ifconv

ST_2: tmp_2 [1/1] 2.71ns
_ifconv:0  %tmp_2 = icmp ult i64 %p_Val2_4, %theta_V_read

ST_2: tmp_3 [1/1] 0.00ns
_ifconv:1  %tmp_3 = zext i5 %sh_assign to i64

ST_2: p_Val2_1 [1/1] 3.57ns
_ifconv:2  %p_Val2_1 = lshr i64 %p_Val2_3, %tmp_3

ST_2: T_V [1/1] 3.40ns
_ifconv:3  %T_V = sub i64 %p_Val2_s, %p_Val2_1

ST_2: p_Val2_2 [1/1] 3.57ns
_ifconv:4  %p_Val2_2 = lshr i64 %p_Val2_s, %tmp_3

ST_2: angles_V_addr [1/1] 0.00ns
_ifconv:5  %angles_V_addr = getelementptr [20 x i54]* @angles_V, i64 0, i64 %tmp_3

ST_2: p_Val2_5 [2/2] 2.39ns
_ifconv:6  %p_Val2_5 = load i54* %angles_V_addr, align 8

ST_2: T_V_1 [1/1] 3.40ns
_ifconv:9  %T_V_1 = add i64 %p_Val2_1, %p_Val2_s

ST_2: X_V_2 [1/1] 1.37ns
_ifconv:13  %X_V_2 = select i1 %tmp_2, i64 %T_V, i64 %T_V_1

ST_2: stg_27 [1/1] 0.00ns
:0  call void @_ssdm_op_Write.ap_auto.i64P(i64* %c_V, i64 %p_Val2_s)

ST_2: stg_28 [1/1] 0.00ns
:1  call void @_ssdm_op_Write.ap_auto.i64P(i64* %s_V, i64 %p_Val2_3)

ST_2: stg_29 [1/1] 0.00ns
:2  ret void


 <State 3>: 8.17ns
ST_3: p_Val2_5 [1/2] 2.39ns
_ifconv:6  %p_Val2_5 = load i54* %angles_V_addr, align 8

ST_3: p_Val2_5_cast [1/1] 0.00ns
_ifconv:7  %p_Val2_5_cast = zext i54 %p_Val2_5 to i64

ST_3: p_Val2_8 [1/1] 3.40ns
_ifconv:8  %p_Val2_8 = add i64 %p_Val2_5_cast, %p_Val2_4

ST_3: p_Val2_s_2 [1/1] 3.40ns
_ifconv:10  %p_Val2_s_2 = sub i64 0, %p_Val2_2

ST_3: p_Val2_6 [1/1] 3.40ns
_ifconv:11  %p_Val2_6 = sub i64 %p_Val2_4, %p_Val2_5_cast

ST_3: p_Val2_3_pn [1/1] 1.37ns
_ifconv:12  %p_Val2_3_pn = select i1 %tmp_2, i64 %p_Val2_2, i64 %p_Val2_s_2

ST_3: current_V [1/1] 1.37ns
_ifconv:14  %current_V = select i1 %tmp_2, i64 %p_Val2_8, i64 %p_Val2_6

ST_3: Y_V [1/1] 3.40ns
_ifconv:15  %Y_V = add i64 %p_Val2_3_pn, %p_Val2_3

ST_3: stg_38 [1/1] 0.00ns
_ifconv:16  br label %0



============================================================
+ Verbose Summary: Binding
============================================================
STG Binding: 
---------------- STG Properties BEGIN ----------------
- Is combinational: 0
- Is one-state seq: 0
- Is datapath-only: 0
- Is clock enabled: 0
- Is pipelined: 0
- Is top level: 1
Port [ Return ] is wired: 1; IO mode=ap_ctrl_hs:ce=0
Port [ theta_V]:  wired=1; compound=0; hidden=0; nouse=0; global=0; static=0; extern=0; dir=0; type=0; mode=0x245dbb40; pingpong=0; private_global=0; IO mode=ap_none:ce=0
Port [ s_V]:  wired=1; compound=0; hidden=0; nouse=0; global=0; static=0; extern=0; dir=1; type=0; mode=0x24664040; pingpong=0; private_global=0; IO mode=ap_vld:ce=0
Port [ c_V]:  wired=1; compound=0; hidden=0; nouse=0; global=0; static=0; extern=0; dir=1; type=0; mode=0x1cb20b10; pingpong=0; private_global=0; IO mode=ap_vld:ce=0
Port [ angles_V]:  wired=0; compound=1; hidden=1; nouse=0; global=1; static=1; extern=0; dir=0; type=1; mode=0x1cb2b570; pingpong=0; private_global=1; linkage=7; visibility=0; MemPort=[1]; IO mode=ap_memory:ce=0
---------------- STG Properties END ------------------

---------------- Datapath Model BEGIN ----------------

<LifeTime>
<method=bitvector/>
stg_4         (specbitsmap      ) [ 0000]
stg_5         (specbitsmap      ) [ 0000]
stg_6         (specbitsmap      ) [ 0000]
stg_7         (spectopmodule    ) [ 0000]
theta_V_read  (read             ) [ 0011]
stg_9         (br               ) [ 0111]
p_Val2_4      (phi              ) [ 0011]
p_Val2_3      (phi              ) [ 0011]
p_Val2_s      (phi              ) [ 0010]
sh_assign     (phi              ) [ 0010]
exitcond      (icmp             ) [ 0011]
empty         (speclooptripcount) [ 0000]
step          (add              ) [ 0111]
stg_17        (br               ) [ 0000]
tmp_2         (icmp             ) [ 0001]
tmp_3         (zext             ) [ 0000]
p_Val2_1      (lshr             ) [ 0000]
T_V           (sub              ) [ 0000]
p_Val2_2      (lshr             ) [ 0001]
angles_V_addr (getelementptr    ) [ 0001]
T_V_1         (add              ) [ 0000]
X_V_2         (select           ) [ 0111]
stg_27        (write            ) [ 0000]
stg_28        (write            ) [ 0000]
stg_29        (ret              ) [ 0000]
p_Val2_5      (load             ) [ 0000]
p_Val2_5_cast (zext             ) [ 0000]
p_Val2_8      (add              ) [ 0000]
p_Val2_s_2    (sub              ) [ 0000]
p_Val2_6      (sub              ) [ 0000]
p_Val2_3_pn   (select           ) [ 0000]
current_V     (select           ) [ 0111]
Y_V           (add              ) [ 0111]
stg_38        (br               ) [ 0111]
</LifeTime>

<model>

<comp_list>
<comp id="0" class="1000" name="theta_V">
<pin_list>
<pin id="1" dir="1" index="0" bw="1" slack="0"/>
</pin_list>
<bind>
<StgValue><ssdm name="theta_V"/></StgValue>
</bind>
</comp>

<comp id="2" class="1000" name="s_V">
<pin_list>
<pin id="3" dir="1" index="0" bw="1" slack="0"/>
</pin_list>
<bind>
<StgValue><ssdm name="s_V"/></StgValue>
</bind>
</comp>

<comp id="4" class="1000" name="c_V">
<pin_list>
<pin id="5" dir="1" index="0" bw="1" slack="0"/>
</pin_list>
<bind>
<StgValue><ssdm name="c_V"/></StgValue>
</bind>
</comp>

<comp id="6" class="1000" name="angles_V">
<pin_list>
<pin id="7" dir="1" index="0" bw="1" slack="0"/>
</pin_list>
<bind>
<StgValue><ssdm name="angles_V"/><MemPortTyVec>1 </MemPortTyVec>
</StgValue>
</bind>
</comp>

<comp id="8" class="1001" name="const_8">
<pin_list>
<pin id="9" dir="1" index="0" bw="1" slack="2147483647"/>
</pin_list>
<bind>
<StgValue><ssdm name="_ssdm_op_SpecBitsMap"/></StgValue>
</bind>
</comp>

<comp id="10" class="1001" name="const_10">
<pin_list>
<pin id="11" dir="1" index="0" bw="1" slack="2147483647"/>
</pin_list>
<bind>
<StgValue><ssdm name="_ssdm_op_SpecTopModule"/></StgValue>
</bind>
</comp>

<comp id="12" class="1001" name="const_12">
<pin_list>
<pin id="13" dir="1" index="0" bw="1" slack="2147483647"/>
</pin_list>
<bind>
<StgValue><ssdm name="str"/></StgValue>
</bind>
</comp>

<comp id="14" class="1001" name="const_14">
<pin_list>
<pin id="15" dir="1" index="0" bw="1" slack="0"/>
</pin_list>
<bind>
<StgValue><ssdm name="_ssdm_op_Read.ap_auto.i64"/></StgValue>
</bind>
</comp>

<comp id="16" class="1001" name="const_16">
<pin_list>
<pin id="17" dir="1" index="0" bw="1" slack="0"/>
</pin_list>
<bind>
<StgValue><ssdm name=""/></StgValue>
</bind>
</comp>

<comp id="18" class="1001" name="const_18">
<pin_list>
<pin id="19" dir="1" index="0" bw="1" slack="1"/>
</pin_list>
<bind>
<StgValue><ssdm name=""/></StgValue>
</bind>
</comp>

<comp id="20" class="1001" name="const_20">
<pin_list>
<pin id="21" dir="1" index="0" bw="1" slack="1"/>
</pin_list>
<bind>
<StgValue><ssdm name=""/></StgValue>
</bind>
</comp>

<comp id="22" class="1001" name="const_22">
<pin_list>
<pin id="23" dir="1" index="0" bw="1" slack="0"/>
</pin_list>
<bind>
<StgValue><ssdm name=""/></StgValue>
</bind>
</comp>

<comp id="24" class="1001" name="const_24">
<pin_list>
<pin id="25" dir="1" index="0" bw="1" slack="2147483647"/>
</pin_list>
<bind>
<StgValue><ssdm name="_ssdm_op_SpecLoopTripCount"/></StgValue>
</bind>
</comp>

<comp id="26" class="1001" name="const_26">
<pin_list>
<pin id="27" dir="1" index="0" bw="1" slack="2147483647"/>
</pin_list>
<bind>
<StgValue><ssdm name=""/></StgValue>
</bind>
</comp>

<comp id="28" class="1001" name="const_28">
<pin_list>
<pin id="29" dir="1" index="0" bw="1" slack="0"/>
</pin_list>
<bind>
<StgValue><ssdm name=""/></StgValue>
</bind>
</comp>

<comp id="30" class="1001" name="const_30">
<pin_list>
<pin id="31" dir="1" index="0" bw="1" slack="0"/>
</pin_list>
<bind>
<StgValue><ssdm name="_ssdm_op_Write.ap_auto.i64P"/></StgValue>
</bind>
</comp>

<comp id="32" class="1004" name="theta_V_read_read_fu_32">
<pin_list>
<pin id="33" dir="0" index="0" bw="64" slack="0"/>
<pin id="34" dir="0" index="1" bw="64" slack="0"/>
<pin id="35" dir="1" index="2" bw="64" slack="1"/>
</pin_list>
<bind>
<opcode="read(1150) " fcode="read"/>
<opset="theta_V_read/1 "/>
</bind>
</comp>

<comp id="38" class="1004" name="stg_27_write_fu_38">
<pin_list>
<pin id="39" dir="0" index="0" bw="0" slack="0"/>
<pin id="40" dir="0" index="1" bw="64" slack="0"/>
<pin id="41" dir="0" index="2" bw="64" slack="0"/>
<pin id="42" dir="1" index="3" bw="0" slack="2147483647"/>
</pin_list>
<bind>
<opcode="write(1151) " fcode="write"/>
<opset="stg_27/2 "/>
</bind>
</comp>

<comp id="45" class="1004" name="stg_28_write_fu_45">
<pin_list>
<pin id="46" dir="0" index="0" bw="0" slack="0"/>
<pin id="47" dir="0" index="1" bw="64" slack="0"/>
<pin id="48" dir="0" index="2" bw="64" slack="0"/>
<pin id="49" dir="1" index="3" bw="0" slack="2147483647"/>
</pin_list>
<bind>
<opcode="write(1151) " fcode="write"/>
<opset="stg_28/2 "/>
</bind>
</comp>

<comp id="52" class="1004" name="angles_V_addr_gep_fu_52">
<pin_list>
<pin id="53" dir="0" index="0" bw="54" slack="0"/>
<pin id="54" dir="0" index="1" bw="1" slack="0"/>
<pin id="55" dir="0" index="2" bw="5" slack="0"/>
<pin id="56" dir="1" index="3" bw="5" slack="0"/>
</pin_list>
<bind>
<opcode="getelementptr(29) " fcode="getelementptr"/>
<opset="angles_V_addr/2 "/>
</bind>
</comp>

<comp id="59" class="1004" name="grp_access_fu_59">
<pin_list>
<pin id="60" dir="0" index="0" bw="5" slack="0"/>
<pin id="61" dir="0" index="1" bw="54" slack="2147483647"/>
<pin id="62" dir="1" index="2" bw="54" slack="0"/>
</pin_list>
<bind>
<opcode="load(27) " fcode="load"/>
<opset="p_Val2_5/2 "/>
</bind>
</comp>

<comp id="64" class="1005" name="p_Val2_4_reg_64">
<pin_list>
<pin id="65" dir="0" index="0" bw="64" slack="1"/>
<pin id="66" dir="1" index="1" bw="64" slack="1"/>
</pin_list>
<bind>
<opset="p_Val2_4 (phireg) "/>
</bind>
</comp>

<comp id="68" class="1004" name="p_Val2_4_phi_fu_68">
<pin_list>
<pin id="69" dir="0" index="0" bw="1" slack="1"/>
<pin id="70" dir="0" index="1" bw="0" slack="2147483647"/>
<pin id="71" dir="0" index="2" bw="64" slack="1"/>
<pin id="72" dir="0" index="3" bw="0" slack="2147483647"/>
<pin id="73" dir="1" index="4" bw="64" slack="0"/>
</pin_list>
<bind>
<opcode="phi(47) " fcode="phi"/>
<opset="p_Val2_4/2 "/>
</bind>
</comp>

<comp id="76" class="1005" name="p_Val2_3_reg_76">
<pin_list>
<pin id="77" dir="0" index="0" bw="64" slack="1"/>
<pin id="78" dir="1" index="1" bw="64" slack="1"/>
</pin_list>
<bind>
<opset="p_Val2_3 (phireg) "/>
</bind>
</comp>

<comp id="80" class="1004" name="p_Val2_3_phi_fu_80">
<pin_list>
<pin id="81" dir="0" index="0" bw="1" slack="1"/>
<pin id="82" dir="0" index="1" bw="0" slack="2147483647"/>
<pin id="83" dir="0" index="2" bw="64" slack="1"/>
<pin id="84" dir="0" index="3" bw="0" slack="2147483647"/>
<pin id="85" dir="1" index="4" bw="64" slack="0"/>
</pin_list>
<bind>
<opcode="phi(47) " fcode="phi"/>
<opset="p_Val2_3/2 "/>
</bind>
</comp>

<comp id="89" class="1005" name="p_Val2_s_reg_89">
<pin_list>
<pin id="90" dir="0" index="0" bw="64" slack="1"/>
<pin id="91" dir="1" index="1" bw="64" slack="1"/>
</pin_list>
<bind>
<opset="p_Val2_s (phireg) "/>
</bind>
</comp>

<comp id="93" class="1004" name="p_Val2_s_phi_fu_93">
<pin_list>
<pin id="94" dir="0" index="0" bw="55" slack="1"/>
<pin id="95" dir="0" index="1" bw="0" slack="2147483647"/>
<pin id="96" dir="0" index="2" bw="64" slack="0"/>
<pin id="97" dir="0" index="3" bw="0" slack="2147483647"/>
<pin id="98" dir="1" index="4" bw="64" slack="0"/>
</pin_list>
<bind>
<opcode="phi(47) " fcode="phi"/>
<opset="p_Val2_s/2 "/>
</bind>
</comp>

<comp id="101" class="1005" name="sh_assign_reg_101">
<pin_list>
<pin id="102" dir="0" index="0" bw="5" slack="1"/>
<pin id="103" dir="1" index="1" bw="5" slack="1"/>
</pin_list>
<bind>
<opset="sh_assign (phireg) "/>
</bind>
</comp>

<comp id="105" class="1004" name="sh_assign_phi_fu_105">
<pin_list>
<pin id="106" dir="0" index="0" bw="1" slack="1"/>
<pin id="107" dir="0" index="1" bw="0" slack="2147483647"/>
<pin id="108" dir="0" index="2" bw="5" slack="0"/>
<pin id="109" dir="0" index="3" bw="0" slack="2147483647"/>
<pin id="110" dir="1" index="4" bw="5" slack="0"/>
</pin_list>
<bind>
<opcode="phi(47) " fcode="phi"/>
<opset="sh_assign/2 "/>
</bind>
</comp>

<comp id="113" class="1004" name="exitcond_fu_113">
<pin_list>
<pin id="114" dir="0" index="0" bw="5" slack="0"/>
<pin id="115" dir="0" index="1" bw="5" slack="0"/>
<pin id="116" dir="1" index="2" bw="1" slack="2147483647"/>
</pin_list>
<bind>
<opcode="icmp(45) " fcode="icmp"/>
<opset="exitcond/2 "/>
</bind>
</comp>

<comp id="119" class="1004" name="step_fu_119">
<pin_list>
<pin id="120" dir="0" index="0" bw="5" slack="0"/>
<pin id="121" dir="0" index="1" bw="1" slack="0"/>
<pin id="122" dir="1" index="2" bw="5" slack="0"/>
</pin_list>
<bind>
<opcode="add(8) " fcode="add"/>
<opset="step/2 "/>
</bind>
</comp>

<comp id="125" class="1004" name="tmp_2_fu_125">
<pin_list>
<pin id="126" dir="0" index="0" bw="64" slack="0"/>
<pin id="127" dir="0" index="1" bw="64" slack="1"/>
<pin id="128" dir="1" index="2" bw="1" slack="0"/>
</pin_list>
<bind>
<opcode="icmp(45) " fcode="icmp"/>
<opset="tmp_2/2 "/>
</bind>
</comp>

<comp id="130" class="1004" name="tmp_3_fu_130">
<pin_list>
<pin id="131" dir="0" index="0" bw="5" slack="0"/>
<pin id="132" dir="1" index="1" bw="64" slack="0"/>
</pin_list>
<bind>
<opcode="zext(34) " fcode="zext"/>
<opset="tmp_3/2 "/>
</bind>
</comp>

<comp id="135" class="1004" name="p_Val2_1_fu_135">
<pin_list>
<pin id="136" dir="0" index="0" bw="64" slack="0"/>
<pin id="137" dir="0" index="1" bw="5" slack="0"/>
<pin id="138" dir="1" index="2" bw="64" slack="0"/>
</pin_list>
<bind>
<opcode="lshr(21) " fcode="lshr"/>
<opset="p_Val2_1/2 "/>
</bind>
</comp>

<comp id="141" class="1004" name="T_V_fu_141">
<pin_list>
<pin id="142" dir="0" index="0" bw="64" slack="0"/>
<pin id="143" dir="0" index="1" bw="64" slack="0"/>
<pin id="144" dir="1" index="2" bw="64" slack="0"/>
</pin_list>
<bind>
<opcode="sub(10) " fcode="sub"/>
<opset="T_V/2 "/>
</bind>
</comp>

<comp id="147" class="1004" name="p_Val2_2_fu_147">
<pin_list>
<pin id="148" dir="0" index="0" bw="64" slack="0"/>
<pin id="149" dir="0" index="1" bw="5" slack="0"/>
<pin id="150" dir="1" index="2" bw="64" slack="1"/>
</pin_list>
<bind>
<opcode="lshr(21) " fcode="lshr"/>
<opset="p_Val2_2/2 "/>
</bind>
</comp>

<comp id="153" class="1004" name="T_V_1_fu_153">
<pin_list>
<pin id="154" dir="0" index="0" bw="64" slack="0"/>
<pin id="155" dir="0" index="1" bw="64" slack="0"/>
<pin id="156" dir="1" index="2" bw="64" slack="0"/>
</pin_list>
<bind>
<opcode="add(8) " fcode="add"/>
<opset="T_V_1/2 "/>
</bind>
</comp>

<comp id="159" class="1004" name="X_V_2_fu_159">
<pin_list>
<pin id="160" dir="0" index="0" bw="1" slack="0"/>
<pin id="161" dir="0" index="1" bw="64" slack="0"/>
<pin id="162" dir="0" index="2" bw="64" slack="0"/>
<pin id="163" dir="1" index="3" bw="64" slack="0"/>
</pin_list>
<bind>
<opcode="select(49) " fcode="select"/>
<opset="X_V_2/2 "/>
</bind>
</comp>

<comp id="167" class="1004" name="p_Val2_5_cast_fu_167">
<pin_list>
<pin id="168" dir="0" index="0" bw="54" slack="0"/>
<pin id="169" dir="1" index="1" bw="64" slack="0"/>
</pin_list>
<bind>
<opcode="zext(34) " fcode="zext"/>
<opset="p_Val2_5_cast/3 "/>
</bind>
</comp>

<comp id="171" class="1004" name="p_Val2_8_fu_171">
<pin_list>
<pin id="172" dir="0" index="0" bw="54" slack="0"/>
<pin id="173" dir="0" index="1" bw="64" slack="1"/>
<pin id="174" dir="1" index="2" bw="64" slack="0"/>
</pin_list>
<bind>
<opcode="add(8) " fcode="add"/>
<opset="p_Val2_8/3 "/>
</bind>
</comp>

<comp id="177" class="1004" name="p_Val2_s_2_fu_177">
<pin_list>
<pin id="178" dir="0" index="0" bw="1" slack="0"/>
<pin id="179" dir="0" index="1" bw="64" slack="1"/>
<pin id="180" dir="1" index="2" bw="64" slack="0"/>
</pin_list>
<bind>
<opcode="sub(10) " fcode="sub"/>
<opset="p_Val2_s_2/3 "/>
</bind>
</comp>

<comp id="182" class="1004" name="p_Val2_6_fu_182">
<pin_list>
<pin id="183" dir="0" index="0" bw="64" slack="1"/>
<pin id="184" dir="0" index="1" bw="54" slack="0"/>
<pin id="185" dir="1" index="2" bw="64" slack="0"/>
</pin_list>
<bind>
<opcode="sub(10) " fcode="sub"/>
<opset="p_Val2_6/3 "/>
</bind>
</comp>

<comp id="188" class="1004" name="p_Val2_3_pn_fu_188">
<pin_list>
<pin id="189" dir="0" index="0" bw="1" slack="1"/>
<pin id="190" dir="0" index="1" bw="64" slack="1"/>
<pin id="191" dir="0" index="2" bw="64" slack="0"/>
<pin id="192" dir="1" index="3" bw="64" slack="0"/>
</pin_list>
<bind>
<opcode="select(49) " fcode="select"/>
<opset="p_Val2_3_pn/3 "/>
</bind>
</comp>

<comp id="194" class="1004" name="current_V_fu_194">
<pin_list>
<pin id="195" dir="0" index="0" bw="1" slack="1"/>
<pin id="196" dir="0" index="1" bw="64" slack="0"/>
<pin id="197" dir="0" index="2" bw="64" slack="0"/>
<pin id="198" dir="1" index="3" bw="64" slack="1"/>
</pin_list>
<bind>
<opcode="select(49) " fcode="select"/>
<opset="current_V/3 "/>
</bind>
</comp>

<comp id="201" class="1004" name="Y_V_fu_201">
<pin_list>
<pin id="202" dir="0" index="0" bw="64" slack="0"/>
<pin id="203" dir="0" index="1" bw="64" slack="1"/>
<pin id="204" dir="1" index="2" bw="64" slack="1"/>
</pin_list>
<bind>
<opcode="add(8) " fcode="add"/>
<opset="Y_V/3 "/>
</bind>
</comp>

<comp id="207" class="1005" name="theta_V_read_reg_207">
<pin_list>
<pin id="208" dir="0" index="0" bw="64" slack="1"/>
<pin id="209" dir="1" index="1" bw="64" slack="1"/>
</pin_list>
<bind>
<opset="theta_V_read "/>
</bind>
</comp>

<comp id="215" class="1005" name="step_reg_215">
<pin_list>
<pin id="216" dir="0" index="0" bw="5" slack="0"/>
<pin id="217" dir="1" index="1" bw="5" slack="0"/>
</pin_list>
<bind>
<opset="step "/>
</bind>
</comp>

<comp id="220" class="1005" name="tmp_2_reg_220">
<pin_list>
<pin id="221" dir="0" index="0" bw="1" slack="1"/>
<pin id="222" dir="1" index="1" bw="1" slack="1"/>
</pin_list>
<bind>
<opset="tmp_2 "/>
</bind>
</comp>

<comp id="226" class="1005" name="p_Val2_2_reg_226">
<pin_list>
<pin id="227" dir="0" index="0" bw="64" slack="1"/>
<pin id="228" dir="1" index="1" bw="64" slack="1"/>
</pin_list>
<bind>
<opset="p_Val2_2 "/>
</bind>
</comp>

<comp id="232" class="1005" name="angles_V_addr_reg_232">
<pin_list>
<pin id="233" dir="0" index="0" bw="5" slack="1"/>
<pin id="234" dir="1" index="1" bw="5" slack="1"/>
</pin_list>
<bind>
<opset="angles_V_addr "/>
</bind>
</comp>

<comp id="237" class="1005" name="X_V_2_reg_237">
<pin_list>
<pin id="238" dir="0" index="0" bw="64" slack="0"/>
<pin id="239" dir="1" index="1" bw="64" slack="0"/>
</pin_list>
<bind>
<opset="X_V_2 "/>
</bind>
</comp>

<comp id="242" class="1005" name="current_V_reg_242">
<pin_list>
<pin id="243" dir="0" index="0" bw="64" slack="1"/>
<pin id="244" dir="1" index="1" bw="64" slack="1"/>
</pin_list>
<bind>
<opset="current_V "/>
</bind>
</comp>

<comp id="247" class="1005" name="Y_V_reg_247">
<pin_list>
<pin id="248" dir="0" index="0" bw="64" slack="1"/>
<pin id="249" dir="1" index="1" bw="64" slack="1"/>
</pin_list>
<bind>
<opset="Y_V "/>
</bind>
</comp>

</comp_list>

<net_list>
<net id="36"><net_src comp="14" pin="0"/><net_sink comp="32" pin=0"/></net>

<net id="37"><net_src comp="0" pin="0"/><net_sink comp="32" pin=1"/></net>

<net id="43"><net_src comp="30" pin="0"/><net_sink comp="38" pin=0"/></net>

<net id="44"><net_src comp="4" pin="0"/><net_sink comp="38" pin=1"/></net>

<net id="50"><net_src comp="30" pin="0"/><net_sink comp="45" pin=0"/></net>

<net id="51"><net_src comp="2" pin="0"/><net_sink comp="45" pin=1"/></net>

<net id="57"><net_src comp="6" pin="0"/><net_sink comp="52" pin=0"/></net>

<net id="58"><net_src comp="16" pin="0"/><net_sink comp="52" pin=1"/></net>

<net id="63"><net_src comp="52" pin="3"/><net_sink comp="59" pin=0"/></net>

<net id="67"><net_src comp="16" pin="0"/><net_sink comp="64" pin=0"/></net>

<net id="74"><net_src comp="64" pin="1"/><net_sink comp="68" pin=0"/></net>

<net id="75"><net_src comp="68" pin="4"/><net_sink comp="64" pin=0"/></net>

<net id="79"><net_src comp="16" pin="0"/><net_sink comp="76" pin=0"/></net>

<net id="86"><net_src comp="76" pin="1"/><net_sink comp="80" pin=0"/></net>

<net id="87"><net_src comp="80" pin="4"/><net_sink comp="45" pin=2"/></net>

<net id="88"><net_src comp="80" pin="4"/><net_sink comp="76" pin=0"/></net>

<net id="92"><net_src comp="18" pin="0"/><net_sink comp="89" pin=0"/></net>

<net id="99"><net_src comp="89" pin="1"/><net_sink comp="93" pin=0"/></net>

<net id="100"><net_src comp="93" pin="4"/><net_sink comp="38" pin=2"/></net>

<net id="104"><net_src comp="20" pin="0"/><net_sink comp="101" pin=0"/></net>

<net id="111"><net_src comp="101" pin="1"/><net_sink comp="105" pin=0"/></net>

<net id="117"><net_src comp="105" pin="4"/><net_sink comp="113" pin=0"/></net>

<net id="118"><net_src comp="22" pin="0"/><net_sink comp="113" pin=1"/></net>

<net id="123"><net_src comp="105" pin="4"/><net_sink comp="119" pin=0"/></net>

<net id="124"><net_src comp="28" pin="0"/><net_sink comp="119" pin=1"/></net>

<net id="129"><net_src comp="68" pin="4"/><net_sink comp="125" pin=0"/></net>

<net id="133"><net_src comp="105" pin="4"/><net_sink comp="130" pin=0"/></net>

<net id="134"><net_src comp="130" pin="1"/><net_sink comp="52" pin=2"/></net>

<net id="139"><net_src comp="80" pin="4"/><net_sink comp="135" pin=0"/></net>

<net id="140"><net_src comp="130" pin="1"/><net_sink comp="135" pin=1"/></net>

<net id="145"><net_src comp="93" pin="4"/><net_sink comp="141" pin=0"/></net>

<net id="146"><net_src comp="135" pin="2"/><net_sink comp="141" pin=1"/></net>

<net id="151"><net_src comp="93" pin="4"/><net_sink comp="147" pin=0"/></net>

<net id="152"><net_src comp="130" pin="1"/><net_sink comp="147" pin=1"/></net>

<net id="157"><net_src comp="135" pin="2"/><net_sink comp="153" pin=0"/></net>

<net id="158"><net_src comp="93" pin="4"/><net_sink comp="153" pin=1"/></net>

<net id="164"><net_src comp="125" pin="2"/><net_sink comp="159" pin=0"/></net>

<net id="165"><net_src comp="141" pin="2"/><net_sink comp="159" pin=1"/></net>

<net id="166"><net_src comp="153" pin="2"/><net_sink comp="159" pin=2"/></net>

<net id="170"><net_src comp="59" pin="2"/><net_sink comp="167" pin=0"/></net>

<net id="175"><net_src comp="167" pin="1"/><net_sink comp="171" pin=0"/></net>

<net id="176"><net_src comp="64" pin="1"/><net_sink comp="171" pin=1"/></net>

<net id="181"><net_src comp="16" pin="0"/><net_sink comp="177" pin=0"/></net>

<net id="186"><net_src comp="64" pin="1"/><net_sink comp="182" pin=0"/></net>

<net id="187"><net_src comp="167" pin="1"/><net_sink comp="182" pin=1"/></net>

<net id="193"><net_src comp="177" pin="2"/><net_sink comp="188" pin=2"/></net>

<net id="199"><net_src comp="171" pin="2"/><net_sink comp="194" pin=1"/></net>

<net id="200"><net_src comp="182" pin="2"/><net_sink comp="194" pin=2"/></net>

<net id="205"><net_src comp="188" pin="3"/><net_sink comp="201" pin=0"/></net>

<net id="206"><net_src comp="76" pin="1"/><net_sink comp="201" pin=1"/></net>

<net id="210"><net_src comp="32" pin="2"/><net_sink comp="207" pin=0"/></net>

<net id="211"><net_src comp="207" pin="1"/><net_sink comp="125" pin=1"/></net>

<net id="218"><net_src comp="119" pin="2"/><net_sink comp="215" pin=0"/></net>

<net id="219"><net_src comp="215" pin="1"/><net_sink comp="105" pin=2"/></net>

<net id="223"><net_src comp="125" pin="2"/><net_sink comp="220" pin=0"/></net>

<net id="224"><net_src comp="220" pin="1"/><net_sink comp="188" pin=0"/></net>

<net id="225"><net_src comp="220" pin="1"/><net_sink comp="194" pin=0"/></net>

<net id="229"><net_src comp="147" pin="2"/><net_sink comp="226" pin=0"/></net>

<net id="230"><net_src comp="226" pin="1"/><net_sink comp="177" pin=1"/></net>

<net id="231"><net_src comp="226" pin="1"/><net_sink comp="188" pin=1"/></net>

<net id="235"><net_src comp="52" pin="3"/><net_sink comp="232" pin=0"/></net>

<net id="236"><net_src comp="232" pin="1"/><net_sink comp="59" pin=0"/></net>

<net id="240"><net_src comp="159" pin="3"/><net_sink comp="237" pin=0"/></net>

<net id="241"><net_src comp="237" pin="1"/><net_sink comp="93" pin=2"/></net>

<net id="245"><net_src comp="194" pin="3"/><net_sink comp="242" pin=0"/></net>

<net id="246"><net_src comp="242" pin="1"/><net_sink comp="68" pin=2"/></net>

<net id="250"><net_src comp="201" pin="2"/><net_sink comp="247" pin=0"/></net>

<net id="251"><net_src comp="247" pin="1"/><net_sink comp="80" pin=2"/></net>

</net_list>

</model> 
---------------- Datapath Model END ------------------

* FSMD analyzer results:
  - Output states:
	Port: s_V | {2 }
	Port: c_V | {2 }
  - Chain level:
	State 1
	State 2
		exitcond : 1
		step : 1
		stg_17 : 2
		tmp_2 : 1
		tmp_3 : 1
		p_Val2_1 : 2
		T_V : 3
		p_Val2_2 : 2
		angles_V_addr : 2
		p_Val2_5 : 3
		T_V_1 : 3
		X_V_2 : 4
		stg_27 : 1
		stg_28 : 1
	State 3
		p_Val2_5_cast : 1
		p_Val2_8 : 2
		p_Val2_6 : 2
		p_Val2_3_pn : 1
		current_V : 3
		Y_V : 2


============================================================
+ Verbose Summary: Datapath Resource usage 
============================================================

* Functional unit list:
|----------|-------------------------|---------|---------|
| Operation|     Functional Unit     |    FF   |   LUT   |
|----------|-------------------------|---------|---------|
|   lshr   |     p_Val2_1_fu_135     |    0    |   193   |
|          |     p_Val2_2_fu_147     |    0    |   193   |
|----------|-------------------------|---------|---------|
|          |       step_fu_119       |    0    |    5    |
|    add   |       T_V_1_fu_153      |    0    |    64   |
|          |     p_Val2_8_fu_171     |    0    |    64   |
|          |        Y_V_fu_201       |    0    |    64   |
|----------|-------------------------|---------|---------|
|          |        T_V_fu_141       |    0    |    64   |
|    sub   |    p_Val2_s_2_fu_177    |    0    |    64   |
|          |     p_Val2_6_fu_182     |    0    |    64   |
|----------|-------------------------|---------|---------|
|          |       X_V_2_fu_159      |    0    |    64   |
|  select  |    p_Val2_3_pn_fu_188   |    0    |    64   |
|          |     current_V_fu_194    |    0    |    64   |
|----------|-------------------------|---------|---------|
|   icmp   |     exitcond_fu_113     |    0    |    5    |
|          |       tmp_2_fu_125      |    0    |    81   |
|----------|-------------------------|---------|---------|
|   read   | theta_V_read_read_fu_32 |    0    |    0    |
|----------|-------------------------|---------|---------|
|   write  |    stg_27_write_fu_38   |    0    |    0    |
|          |    stg_28_write_fu_45   |    0    |    0    |
|----------|-------------------------|---------|---------|
|   zext   |       tmp_3_fu_130      |    0    |    0    |
|          |   p_Val2_5_cast_fu_167  |    0    |    0    |
|----------|-------------------------|---------|---------|
|   Total  |                         |    0    |   1053  |
|----------|-------------------------|---------|---------|

Memories:
+--------+--------+--------+--------+
|        |  BRAM  |   FF   |   LUT  |
+--------+--------+--------+--------+
|angles_V|    2   |    0   |    0   |
+--------+--------+--------+--------+
|  Total |    2   |    0   |    0   |
+--------+--------+--------+--------+

* Register list:
+---------------------+--------+
|                     |   FF   |
+---------------------+--------+
|    X_V_2_reg_237    |   64   |
|     Y_V_reg_247     |   64   |
|angles_V_addr_reg_232|    5   |
|  current_V_reg_242  |   64   |
|   p_Val2_2_reg_226  |   64   |
|   p_Val2_3_reg_76   |   64   |
|   p_Val2_4_reg_64   |   64   |
|   p_Val2_s_reg_89   |   64   |
|  sh_assign_reg_101  |    5   |
|     step_reg_215    |    5   |
| theta_V_read_reg_207|   64   |
|    tmp_2_reg_220    |    1   |
+---------------------+--------+
|        Total        |   528  |
+---------------------+--------+

* Multiplexer (MUX) list: 
|------------------|------|------|------|--------||---------||---------|
|       Comp       |  Pin | Size |  BW  | S x BW ||  Delay  ||   LUT   |
|------------------|------|------|------|--------||---------||---------|
| grp_access_fu_59 |  p0  |   2  |   5  |   10   ||    5    |
|  p_Val2_4_reg_64 |  p0  |   2  |  64  |   128  ||    64   |
|  p_Val2_3_reg_76 |  p0  |   2  |  64  |   128  ||    64   |
|------------------|------|------|------|--------||---------||---------|
|       Total      |      |      |      |   266  || 4.39875 ||   133   |
|------------------|------|------|------|--------||---------||---------|



* Summary:
+-----------+--------+--------+--------+--------+
|           |  BRAM  |  Delay |   FF   |   LUT  |
+-----------+--------+--------+--------+--------+
|  Function |    -   |    -   |    0   |  1053  |
|   Memory  |    2   |    -   |    0   |    0   |
|Multiplexer|    -   |    4   |    -   |   133  |
|  Register |    -   |    -   |   528  |    -   |
+-----------+--------+--------+--------+--------+
|   Total   |    2   |    4   |   528  |  1186  |
+-----------+--------+--------+--------+--------+
