==============================================================
File generated by Vivado(TM) HLS - High-Level Synthesis from C, C++ and SystemC
Version: 2014.2
Copyright (C) 2014 Xilinx Inc. All rights reserved.

==============================================================

@I [HLS-10] Setting target device to 'xc7z020clg484-1'
@I [SYN-201] Setting up clock 'default' with a period of 10ns.
@I [SIM-1] CSim done with 0 errors.
@I [HLS-10] Analyzing design file 'cordic.cpp' ... 
cordic.cpp:26:19: warning: extra tokens at end of #ifdef directive [-Wextra-tokens]
     #ifdef INT_W 16
                  ^
                  //
cordic.cpp:40:10: warning: extra tokens at end of #else directive [-Wextra-tokens]
   #else INT_W 12
         ^
         //
2 warnings generated.
@I [HLS-10] Validating synthesis directives ...
@I [HLS-10] Starting code transformations ...
@I [XFORM-603] Inlining function 'ap_fixed_base<32, 16, true, (ap_q_mode)5, (ap_o_mode)3, 0>::operator>>' into 'cordic' (cordic.cpp:65).
@I [XFORM-603] Inlining function 'ap_fixed_base<32, 16, true, (ap_q_mode)5, (ap_o_mode)3, 0>::operator>>' into 'cordic' (cordic.cpp:64).
@I [XFORM-603] Inlining function 'ap_fixed_base<32, 16, true, (ap_q_mode)5, (ap_o_mode)3, 0>::operator>>' into 'cordic' (cordic.cpp:59).
@I [XFORM-603] Inlining function 'ap_fixed_base<32, 16, true, (ap_q_mode)5, (ap_o_mode)3, 0>::operator>>' into 'cordic' (cordic.cpp:58).
@I [HLS-10] Checking synthesizability ...
@I [XFORM-401] Performing if-conversion on hyperblock from (cordic.cpp:57:8) to (cordic.cpp:56:23) in function 'cordic'... converting 4 basic blocks.
@I [HLS-111] Elapsed time: 3.13 seconds; current memory usage: 69.5 MB.
@I [HLS-10] Starting hardware synthesis ...
@I [HLS-10] Synthesizing 'cordic' ...
@I [HLS-10] ----------------------------------------------------------------
@I [HLS-10] -- Scheduling module 'cordic' 
@I [HLS-10] ----------------------------------------------------------------
@I [SCHED-11] Starting scheduling ...
@I [SCHED-11] Finished scheduling.
@I [HLS-111] Elapsed time: 0.09 seconds; current memory usage: 69.8 MB.
@I [HLS-10] ----------------------------------------------------------------
@I [HLS-10] -- Exploring micro-architecture for module 'cordic' 
@I [HLS-10] ----------------------------------------------------------------
@I [BIND-100] Starting micro-architecture generation ...
@I [BIND-101] Performing variable lifetime analysis.
@I [BIND-101] Exploring resource sharing.
@I [BIND-101] Binding ...
@I [BIND-100] Finished micro-architecture generation.
@I [HLS-111] Elapsed time: 0.03 seconds; current memory usage: 70 MB.
@I [HLS-10] ----------------------------------------------------------------
@I [HLS-10] -- Generating RTL for module 'cordic' 
@I [HLS-10] ----------------------------------------------------------------
@I [RTGEN-500] Setting interface mode on port 'cordic/theta_V' to 'ap_none'.
@I [RTGEN-500] Setting interface mode on port 'cordic/s_V' to 'ap_vld'.
@I [RTGEN-500] Setting interface mode on port 'cordic/c_V' to 'ap_vld'.
@I [RTGEN-500] Setting interface mode on function 'cordic' to 'ap_ctrl_hs'.
@I [RTGEN-100] Finished creating RTL model for 'cordic'.
@I [HLS-111] Elapsed time: 0.03 seconds; current memory usage: 70.2 MB.
@I [RTMG-279] Implementing memory 'cordic_angles_rom' using distributed ROMs.
@I [HLS-10] Finished generating all RTL models.
@I [WSYSC-301] Generating RTL SystemC for 'cordic'.
@I [WVHDL-304] Generating RTL VHDL for 'cordic'.
@I [WVLOG-307] Generating RTL Verilog for 'cordic'.
@I [HLS-10] Opening and resetting project '/home/student/gsf52/ece5775/fixed_32_12_30.prj'.
@I [HLS-10] Adding design file 'cordic.cpp' to the project
@I [HLS-10] Adding test bench file 'cordic_test.cpp' to the project
@I [HLS-10] Opening and resetting solution '/home/student/gsf52/ece5775/fixed_32_12_30.prj/solution1'.
@I [HLS-10] Cleaning up the solution database.
