@I [HLS-0] Workspace /home/student/gsf52/ece5775/float_iter_100.prj/solution1 opened at Fri Sep 04 23:44:11 EDT 2015
@I [HLS-100] Command 'open_solution' returned 0; elapsed 0.02Total elapsed time: 54.850 sec.
@I [HLS-100] Command "set_part xc7z020clg484-1 "
@I [HLS-100] Command "add_library xilinx/zynq/zynq:xc7z020:clg484:-1 "
@I [HLS-100] Command "get_default_platform "
@I [HLS-100] Command 'get_default_platform' returned 0; elapsed 0Total elapsed time: 54.853 sec.
@I [HLS-100] Command "license_exists VIVADO_HLS "
@I [HLS-100] Command 'license_exists' returned 1; elapsed 0Total elapsed time: 54.866 sec.
@I [HLS-100] Command "license_exists AUTOESL_NI "
@I [HLS-100] Command 'license_exists' returned 1; elapsed 0Total elapsed time: 54.878 sec.
@I [HLS-100] Command "license_exists HLS "
@I [HLS-100] Command 'license_exists' returned 0; elapsed 0Total elapsed time: 54.878 sec.
@I [HLS-100] Command "open_platform DefaultPlatform "
@I [HLS-100] Command 'open_platform' returned 0; elapsed 0Total elapsed time: 54.878 sec.
@I [HLS-100] Command "import_lib /opt/xilinx/Vivado_HLS/2014.2/common/technology/xilinx/zynq/zynq "
@I [HLS-100] Command "source /opt/xilinx/Vivado_HLS/2014.2/common/technology/xilinx/common/xilinx.lib "
@I [HLS-100] Command "source /opt/xilinx/Vivado_HLS/2014.2/common/technology/xilinx/interface/xilinx_interface.lib "
@I [HLS-100] Command "source /opt/xilinx/Vivado_HLS/2014.2/common/technology/xilinx/interface/plb46.lib "
@I [HLS-100] Command 'ap_source' returned 0; elapsed 0.01Total elapsed time: 54.884 sec.
@I [HLS-100] Command "source /opt/xilinx/Vivado_HLS/2014.2/common/technology/xilinx/interface/fsl.lib "
@I [HLS-100] Command 'ap_source' returned 0; elapsed 0Total elapsed time: 54.885 sec.
@I [HLS-100] Command "source /opt/xilinx/Vivado_HLS/2014.2/common/technology/xilinx/interface/axi4.lib "
@I [HLS-100] Command 'ap_source' returned 0; elapsed 0Total elapsed time: 54.886 sec.
@I [HLS-100] Command "source /opt/xilinx/Vivado_HLS/2014.2/common/technology/xilinx/interface/maxi.lib "
@I [HLS-100] Command 'ap_source' returned 0; elapsed 0Total elapsed time: 54.888 sec.
@I [HLS-100] Command 'ap_source' returned 0; elapsed 0.01Total elapsed time: 54.888 sec.
@I [HLS-100] Command "source /opt/xilinx/Vivado_HLS/2014.2/common/technology/xilinx/common/dsp48.lib "
@I [HLS-100] Command 'ap_source' returned 0; elapsed 0Total elapsed time: 54.889 sec.
@I [HLS-100] Command "source /opt/xilinx/Vivado_HLS/2014.2/common/technology/xilinx/ip/xfft.lib "
@I [HLS-100] Command 'ap_source' returned 0; elapsed 0Total elapsed time: 54.891 sec.
@I [HLS-100] Command "source /opt/xilinx/Vivado_HLS/2014.2/common/technology/xilinx/ip/xfir.lib "
@I [HLS-100] Command 'ap_source' returned 0; elapsed 0Total elapsed time: 54.893 sec.
@I [HLS-100] Command 'ap_source' returned 0; elapsed 0.01Total elapsed time: 54.895 sec.
@I [HLS-100] Command "source /opt/xilinx/Vivado_HLS/2014.2/common/technology/xilinx/common/xilinx_old.lib "
@I [HLS-100] Command 'ap_source' returned 0; elapsed 0Total elapsed time: 54.899 sec.
@I [HLS-100] Command "source /opt/xilinx/Vivado_HLS/2014.2/common/technology/xilinx/common/xilinx_vivado.lib "
@I [HLS-100] Command 'ap_source' returned 0; elapsed 0Total elapsed time: 54.901 sec.
@I [HLS-100] Command "source /opt/xilinx/Vivado_HLS/2014.2/common/technology/xilinx/common/xilinx.hlp "
@I [HLS-100] Command "source /opt/xilinx/Vivado_HLS/2014.2/common/technology/xilinx/common/target_info.tcl "
@I [HLS-100] Command 'ap_source' returned 0; elapsed 0Total elapsed time: 54.908 sec.
@I [HLS-100] Command "source /opt/xilinx/Vivado_HLS/2014.2/common/technology/xilinx/interface/xilinx_interface.hlp "
@I [HLS-100] Command "source /opt/xilinx/Vivado_HLS/2014.2/common/technology/xilinx/interface/maxi.hlp "
@I [HLS-100] Command 'ap_source' returned 0; elapsed 0.01Total elapsed time: 54.910 sec.
@I [HLS-100] Command 'ap_source' returned 0; elapsed 0.01Total elapsed time: 54.910 sec.
@I [HLS-100] Command "source /opt/xilinx/Vivado_HLS/2014.2/common/technology/xilinx/common/dsp48.hlp "
@I [HLS-100] Command 'ap_source' returned 0; elapsed 0Total elapsed time: 54.912 sec.
@I [HLS-100] Command 'ap_source' returned 0; elapsed 0.01Total elapsed time: 54.913 sec.
@I [HLS-100] Command "source /opt/xilinx/Vivado_HLS/2014.2/common/technology/xilinx/zynq/dsp48e1.hlp "
@I [HLS-100] Command 'ap_source' returned 0; elapsed 0Total elapsed time: 54.914 sec.
@I [HLS-100] Command "get_default_platform "
@I [HLS-100] Command 'get_default_platform' returned 0; elapsed 0Total elapsed time: 54.915 sec.
@I [HLS-100] Command "config_chip_info -quiet -resource  {SLICE 13300}  {LUT 53200}     {FF 106400} {DSP48E 220}   {BRAM 280}  "
@I [HLS-100] Command 'config_chip_info' returned 0; elapsed 0Total elapsed time: 54.915 sec.
@I [HLS-100] Command "config_chip_info -quiet -speed medium "
@I [HLS-100] Command 'config_chip_info' returned 0; elapsed 0Total elapsed time: 54.915 sec.
@I [HLS-100] Command 'import_lib' returned 0; elapsed 0.02Total elapsed time: 54.918 sec.
@I [HLS-100] Command "source /opt/xilinx/Vivado_HLS/2014.2/common/technology/xilinx/zynq/zynq.gen "
@I [HLS-100] Command "source /opt/xilinx/Vivado_HLS/2014.2/common/technology/xilinx/common/virtex.gen "
@I [HLS-100] Command "source /opt/xilinx/Vivado_HLS/2014.2/common/technology/xilinx/common/xilinx.gen "
@I [HLS-100] Command "source /opt/xilinx/Vivado_HLS/2014.2/common/technology/xilinx/interface/plb46.gen "
@I [HLS-100] Command 'ap_source' returned 0; elapsed 0Total elapsed time: 54.924 sec.
@I [HLS-100] Command "source /opt/xilinx/Vivado_HLS/2014.2/common/technology/xilinx/interface/fsl.gen "
@I [HLS-100] Command 'ap_source' returned 0; elapsed 0Total elapsed time: 54.926 sec.
@I [HLS-100] Command "source /opt/xilinx/Vivado_HLS/2014.2/common/technology/xilinx/interface/axi4.gen "
@I [HLS-100] Command 'ap_source' returned 0; elapsed 0.01Total elapsed time: 54.931 sec.
@I [HLS-100] Command "source /opt/xilinx/Vivado_HLS/2014.2/common/technology/xilinx/interface/nativeAXI4.gen "
@I [HLS-100] Command "source /opt/xilinx/Vivado_HLS/2014.2/common/technology/xilinx/interface/saxilite.gen "
@I [HLS-100] Command 'ap_source' returned 0; elapsed 0Total elapsed time: 54.936 sec.
@I [HLS-100] Command "source /opt/xilinx/Vivado_HLS/2014.2/common/technology/xilinx/interface/maxi.gen "
@I [HLS-100] Command 'ap_source' returned 0; elapsed 0.01Total elapsed time: 54.942 sec.
@I [HLS-100] Command 'ap_source' returned 0; elapsed 0.01Total elapsed time: 54.942 sec.
@I [HLS-100] Command "source /opt/xilinx/Vivado_HLS/2014.2/common/technology/xilinx/scripts/xilinxcoregen.gen "
@I [HLS-100] Command 'ap_source' returned 0; elapsed 0.01Total elapsed time: 54.955 sec.
@I [HLS-100] Command "source /opt/xilinx/Vivado_HLS/2014.2/common/technology/xilinx/interface/XilEDKCoreGen.gen "
@I [HLS-100] Command 'ap_source' returned 0; elapsed 0.01Total elapsed time: 54.970 sec.
@I [HLS-100] Command "source /opt/xilinx/Vivado_HLS/2014.2/common/technology/xilinx/ip/util.gen "
@I [HLS-100] Command 'ap_source' returned 0; elapsed 0Total elapsed time: 54.972 sec.
@I [HLS-100] Command "source /opt/xilinx/Vivado_HLS/2014.2/common/technology/xilinx/ip/xfft.gen "
@I [HLS-100] Command 'ap_source' returned 0; elapsed 0.17Total elapsed time: 55.139 sec.
@I [HLS-100] Command "source /opt/xilinx/Vivado_HLS/2014.2/common/technology/xilinx/ip/xfir.gen "
@I [HLS-100] Command 'ap_source' returned 0; elapsed 0.04Total elapsed time: 55.179 sec.
@I [HLS-100] Command 'ap_source' returned 0; elapsed 0.25Total elapsed time: 55.179 sec.
@I [HLS-100] Command "source /opt/xilinx/Vivado_HLS/2014.2/common/technology/xilinx/common/dsp48.gen "
@I [HLS-100] Command 'ap_source' returned 0; elapsed 0Total elapsed time: 55.183 sec.
@I [HLS-100] Command 'ap_source' returned 0; elapsed 0.25Total elapsed time: 55.183 sec.
@I [HLS-100] Command 'ap_source' returned 0; elapsed 0.26Total elapsed time: 55.183 sec.
@I [HLS-100] Command "get_default_platform "
@I [HLS-100] Command 'get_default_platform' returned 0; elapsed 0Total elapsed time: 55.185 sec.
@I [HLS-100] Command "config_chip_info -quiet -resource  {SLICE 13300}  {LUT 53200}     {FF 106400} {DSP48E 220}   {BRAM 280}  "
@I [HLS-100] Command 'config_chip_info' returned 0; elapsed 0Total elapsed time: 55.185 sec.
@I [HLS-100] Command "config_chip_info -quiet -speed slow "
@I [HLS-100] Command 'config_chip_info' returned 0; elapsed 0Total elapsed time: 55.185 sec.
@I [HLS-100] Command 'add_library' returned 0; elapsed 0.28Total elapsed time: 55.186 sec.
@I [HLS-100] Command "add_library xilinx/zynq/zynq_fpv6 "
@I [HLS-100] Command "get_default_platform "
@I [HLS-100] Command 'get_default_platform' returned 0; elapsed 0Total elapsed time: 55.187 sec.
@I [HLS-100] Command "license_exists VIVADO_HLS "
@I [HLS-100] Command 'license_exists' returned 1; elapsed 0.01Total elapsed time: 55.199 sec.
@I [HLS-100] Command "license_exists AUTOESL_NI "
@I [HLS-100] Command 'license_exists' returned 1; elapsed 0Total elapsed time: 55.211 sec.
@I [HLS-100] Command "license_exists HLS "
@I [HLS-100] Command 'license_exists' returned 0; elapsed 0Total elapsed time: 55.211 sec.
@I [HLS-100] Command "open_platform DefaultPlatform "
@I [HLS-100] Command 'open_platform' returned 0; elapsed 0Total elapsed time: 55.211 sec.
@I [HLS-100] Command "import_lib /opt/xilinx/Vivado_HLS/2014.2/common/technology/xilinx/zynq/zynq_fpv6 "
@I [HLS-100] Command "source /opt/xilinx/Vivado_HLS/2014.2/common/technology/xilinx/common/xilinx_fpv7.lib "
@I [HLS-100] Command "source /opt/xilinx/Vivado_HLS/2014.2/common/technology/xilinx/common/xilinx_fpv6.lib "
@I [HLS-100] Command 'ap_source' returned 0; elapsed 0Total elapsed time: 55.217 sec.
@I [HLS-100] Command 'ap_source' returned 0; elapsed 0Total elapsed time: 55.219 sec.
@I [HLS-100] Command 'import_lib' returned 0; elapsed 0.02Total elapsed time: 55.239 sec.
@I [HLS-100] Command "source /opt/xilinx/Vivado_HLS/2014.2/common/technology/xilinx/zynq/zynq_fpv6.gen "
@I [HLS-100] Command "source /opt/xilinx/Vivado_HLS/2014.2/common/technology/xilinx/common/xilinx_fpv6.gen "
@I [HLS-100] Command 'ap_source' returned 0; elapsed 0Total elapsed time: 55.244 sec.
@I [HLS-100] Command 'ap_source' returned 0; elapsed 0Total elapsed time: 55.244 sec.
@I [HLS-100] Command 'add_library' returned 0; elapsed 0.03Total elapsed time: 55.246 sec.
@I [HLS-100] Command 'set_part' returned 0; elapsed 0.31Total elapsed time: 55.246 sec.
@I [HLS-100] Command "create_clock -period 10 "
@I [HLS-100] Command "config_clock -quiet -name default -period 10 -default=false "
@I [SYN-201] Setting up clock 'default' with a period of 10ns.
@I [HLS-100] Command 'config_clock' returned 0; elapsed 0Total elapsed time: 55.248 sec.
@I [HLS-100] Command 'create_clock' returned 0; elapsed 0.01Total elapsed time: 55.248 sec.
@I [HLS-100] Command "csim_design "
@I [HLS-100] Command "source run_sim.tcl "
@I [HLS-100] Command 'ap_source' returned 0; elapsed 0.01Total elapsed time: 56.153 sec.
@I [SIM-1] CSim done with 0 errors.
@I [HLS-100] Command 'csim_design' returned 0; elapsed 0.04Total elapsed time: 56.154 sec.
@I [HLS-100] Command "csynth_design "
@I [HLS-100] Command "elaborate -effort=medium -skip_syncheck=0 -lm=0 -skip_transform=0 -ng=0 -g=0 -opt_fp=0 "
@I [HLS-10] Analyzing design file 'cordic.cpp' ... 
@0 [HLS-0] Analyzing design file 'cordic.cpp' ... 
@I [HLS-0] Compiling one TU...
@I [HLS-0] 
Checking before pre-process: exec clang -fno-limit-debug-info -gcc-toolchain "/opt/xilinx/Vivado_HLS/2014.2/lnx64/tools/gcc" -hls  -DNUM_ITER=100  -D "__asm__(...)=" -fno-math-errno -c -emit-llvm -O0  -mllvm -disable-llvm-optzns -fno-threadsafe-statics  -fno-use-cxa-atexit  -fno-threadsafe-statics -fno-use-cxa-atexit   -I "/opt/xilinx/Vivado_HLS/2014.2/lnx64/tools/systemc/include" -I "/opt/xilinx/Vivado_HLS/2014.2/include" -I "/opt/xilinx/Vivado_HLS/2014.2/include/ap_sysc" -fexceptions "cordic.cpp"  -o "/home/student/gsf52/ece5775/float_iter_100.prj/solution1/.autopilot/db/cordic.pp.00.o"

cordic.cpp:85:30: warning: '/*' within block comment [-Wcomment]
  #define PI 843314856       /* 3.141593.. in <32,28> */
                             ^
1 warning generated.
cordic.cpp:85:30: warning: '/*' within block comment [-Wcomment]
  #define PI 843314856       /* 3.141593.. in <32,28> */
                             ^
1 warning generated.

@I [HLS-0] Syntax Checker time: 0 seconds per iteration
@I [HLS-0] 
Source preprocessing: exec clang -fno-limit-debug-info -gcc-toolchain "/opt/xilinx/Vivado_HLS/2014.2/lnx64/tools/gcc" -hls -fno-exceptions  -D__llvm__  -CC -E "cordic.cpp"   -DNUM_ITER=100  -D "__asm__(...)=" -fno-math-errno -c -emit-llvm -O0  -mllvm -disable-llvm-optzns -fno-threadsafe-statics  -fno-use-cxa-atexit  -fno-threadsafe-statics -fno-use-cxa-atexit -DAESL_SYN -D__SYNTHESIS__ -D__HLS_SYN__ -I "/opt/xilinx/Vivado_HLS/2014.2/common/technology/autopilot" -I "/opt/xilinx/Vivado_HLS/2014.2/common/technology/autopilot/ap_sysc" -include etc/autopilot_ssdm_op.h -D "__asm__(...)="  -o "/home/student/gsf52/ece5775/float_iter_100.prj/solution1/.autopilot/db/cordic.pp.0.cpp"

@I [HLS-0] GCC PP time: 0 seconds per iteration
@I [HLS-100] Command "list_core -type functional_unit "
@I [HLS-100] Command 'list_core' returned 0; elapsed 0Total elapsed time: 56.572 sec.
@I [HLS-0] Marker-Pragma convertor: /home/student/gsf52/ece5775/float_iter_100.prj/solution1/.autopilot/db/cordic.pp.0.cpp /home/student/gsf52/ece5775/float_iter_100.prj/solution1/.autopilot/db/cordic.pp.0.cpp.ap-line.cpp /home/student/gsf52/ece5775/float_iter_100.prj/solution1/.autopilot/db/cordic.pp.0.cpp.ap-line.cpp.CXX 1
@I [HLS-0] 
Source processor: exec /opt/xilinx/Vivado_HLS/2014.2/tps/lnx64/jre/bin/java -Xmx512m -classpath   "/opt/xilinx/Vivado_HLS/2014.2/lib/classes/autopilot.sourceprocessor.jar:/opt/xilinx/Vivado_HLS/2014.2/lib/classes/org.eclipse.cdt.core_5.3.0.xilinx_patch.jar:/opt/xilinx/Vivado_HLS/2014.2/lib/classes/org.eclipse.core.runtime_3.7.0.v20110110.jar:/opt/xilinx/Vivado_HLS/2014.2/lib/classes/org.eclipse.equinox.common_3.6.0.v20110523.jar:/opt/xilinx/Vivado_HLS/2014.2/lib/classes/com.ibm.icu_4.4.2.v20110208.jar:/opt/xilinx/Vivado_HLS/2014.2/lib/classes/jargs.jar:/opt/xilinx/Vivado_HLS/2014.2/lnx64/tools/eclipse/plugins/org.eclipse.emf.common_2.7.0.v20120127-1122.jar:/opt/xilinx/Vivado_HLS/2014.2/lnx64/tools/eclipse/plugins/org.eclipse.emf.ecore_2.7.0.v20120127-1122.jar:/opt/xilinx/Vivado_HLS/2014.2/lnx64/tools/eclipse/plugins/org.eclipse.emf.ecore.xmi_2.7.0.v20120127-1122.jar:/opt/xilinx/Vivado_HLS/2014.2/lnx64/tools/eclipse/plugins/com.autoesl.autopilot.ui.directiveFileModel_1.0.0.jar:/opt/xilinx/Vivado_HLS/2014.2/lnx64/tools/eclipse/plugins/com.autoesl.autopilot.ui.common_1.0.0.jar"  autopilot.sourceprocessor.CParser  "/home/student/gsf52/ece5775/float_iter_100.prj/solution1/.autopilot/db/cordic.pp.0.cpp.ap-line.cpp"  -m "cordic" -o "/home/student/gsf52/ece5775/float_iter_100.prj/solution1/.autopilot/db/cordic.pp.0.cpp.ap-cdt.cpp" --ad --pc --pp --directive /home/student/gsf52/ece5775/float_iter_100.prj/solution1/solution1.directive --source /home/student/gsf52/ece5775/cordic.cpp --error /home/student/gsf52/ece5775/float_iter_100.prj/solution1/.autopilot/db --funcunit "AddSub AddSubnS Mul MulnS Mul2S Mul3S Mul4S Mul5S Mul6S DivnS AddSub_DSP FDiv FSqrt DDiv DSqrt DRecip DRSqrt FAddSub_nodsp FAddSub_fulldsp FMul_nodsp FMul_meddsp FMul_fulldsp FMul_maxdsp FRSqrt_nodsp FRSqrt_fulldsp FRecip_nodsp FRecip_fulldsp FLog_nodsp FLog_meddsp FLog_fulldsp FExp_nodsp FExp_meddsp FExp_fulldsp DAddSub_nodsp DAddSub_fulldsp DMul_nodsp DMul_meddsp DMul_fulldsp DMul_maxdsp DLog_nodsp DLog_meddsp DLog_fulldsp DExp_nodsp DExp_meddsp DExp_fulldsp" --ce --tcl /home/student/gsf52/ece5775/float_iter_100.prj/solution1/.autopilot/db --ve --vetcl /home/student/gsf52/ece5775/float_iter_100.prj/solution1/.autopilot/db --lp --ca --es --gf --df --pd --p2d /home/student/gsf52/ece5775/float_iter_100.prj/solution1/.autopilot/db --sd --scff /home/student/gsf52/ece5775/float_iter_100.prj/solution1/.autopilot/db/.systemc_flag

@I [HLS-0] Error:Syntax error in source:for (__decltype(__n + 0) __niter = __n;
Error:Missing ; in source:t
Error:Syntax error in source:)
 *__first = __value;
Error:Syntax error in source:for (__decltype(__n + 0) __niter = __n;
Error:Missing ; in source:t
Error:Syntax error in source:)
 *__first = __tmp;
@I [HLS-0] Marker-Pragma convertor: /home/student/gsf52/ece5775/float_iter_100.prj/solution1/.autopilot/db/cordic.pp.0.cpp.ap-cdt.cpp /home/student/gsf52/ece5775/float_iter_100.prj/solution1/.autopilot/db/cordic.pragma.0.cpp /home/student/gsf52/ece5775/float_iter_100.prj/solution1/.autopilot/db/cordic.pragma.0.cpp.ap-line.CXX 0
@I [HLS-100] Command "source /home/student/gsf52/ece5775/float_iter_100.prj/solution1/.autopilot/db/pragma.status.tcl "
@I [HLS-100] Command 'ap_source' returned 0; elapsed 0Total elapsed time: 62.701 sec.
@I [HLS-0] CDT processor time: 6 seconds per iteration
@I [HLS-0] Pragma handling time: 0 seconds per iteration
@I [HLS-0] 
Source preprocessing: exec clang -fno-limit-debug-info -gcc-toolchain "/opt/xilinx/Vivado_HLS/2014.2/lnx64/tools/gcc" -hls -fno-exceptions  -D__llvm__  -CC -E "/home/student/gsf52/ece5775/float_iter_100.prj/solution1/.autopilot/db/cordic.pragma.1.cpp"   -DNUM_ITER=100  -D "__asm__(...)=" -fno-math-errno -c -emit-llvm -O0  -mllvm -disable-llvm-optzns -fno-threadsafe-statics  -fno-use-cxa-atexit  -fno-threadsafe-statics -fno-use-cxa-atexit -DAESL_SYN -D__SYNTHESIS__ -D__HLS_SYN__ -I "/opt/xilinx/Vivado_HLS/2014.2/common/technology/autopilot" -I "/opt/xilinx/Vivado_HLS/2014.2/common/technology/autopilot/ap_sysc" -include etc/autopilot_ssdm_op.h -D "__asm__(...)="  -o "/home/student/gsf52/ece5775/float_iter_100.prj/solution1/.autopilot/db/cordic.pragma.2.cpp"

@I [HLS-0] exec clang -fno-limit-debug-info -gcc-toolchain /opt/xilinx/Vivado_HLS/2014.2/lnx64/tools/gcc -hls -fno-exceptions  -D__llvm__  -w  "/home/student/gsf52/ece5775/float_iter_100.prj/solution1/.autopilot/db/cordic.pragma.2.cpp"  -DNUM_ITER=100  -D "__asm__(...)=" -fno-math-errno -c -emit-llvm -O0  -mllvm -disable-llvm-optzns -fno-threadsafe-statics  -fno-use-cxa-atexit -DAESL_SYN -D__SYNTHESIS__ -D__HLS_SYN__ -I "/opt/xilinx/Vivado_HLS/2014.2/common/technology/autopilot" -I "/opt/xilinx/Vivado_HLS/2014.2/common/technology/autopilot/ap_sysc" -include etc/autopilot_ssdm_op.h -g -o "/home/student/gsf52/ece5775/float_iter_100.prj/solution1/.autopilot/db/cordic.g.bc"
@I [HLS-100] Command "source /home/student/gsf52/ece5775/float_iter_100.prj/solution1/.autopilot/db/ve_warning.tcl "
@I [HLS-100] Command 'ap_source' returned 0; elapsed 0Total elapsed time: 63.420 sec.
@I [HLS-10] Validating synthesis directives ...
@0 [HLS-0] Validating synthesis directives ...
@I [HLS-100] Command "source /home/student/gsf52/ece5775/float_iter_100.prj/solution1/.autopilot/db/pragma.status.tcl "
@I [HLS-100] Command 'ap_source' returned 0; elapsed 0Total elapsed time: 63.421 sec.
@I [HLS-0] Linking all ...
@I [HLS-0] exec llvm-ld  "/home/student/gsf52/ece5775/float_iter_100.prj/solution1/.autopilot/db/cordic.bc"  -disable-opt  -L/opt/xilinx/Vivado_HLS/2014.2/lnx64/lib -lm_basic -o "/home/student/gsf52/ece5775/float_iter_100.prj/solution1/.autopilot/db/a.o.pre"
@I [HLS-0] Link time: 0 seconds per iteration
@I [HLS-0] Linking all ...
@I [HLS-0] exec llvm-ld  "/home/student/gsf52/ece5775/float_iter_100.prj/solution1/.autopilot/db/cordic.g.bc"  -disable-opt  -L/opt/xilinx/Vivado_HLS/2014.2/lnx64/lib -lm_basic -o "/home/student/gsf52/ece5775/float_iter_100.prj/solution1/.autopilot/db/a.g.pre"
@I [HLS-0] Link time: 0 seconds per iteration
@I [HLS-100] Command "opt_and_import_c a -opt_level=2 -skip_syncheck=0 -ng=0 "
@I [HLS-100] Command "cleanup_all_models "
@I [HLS-100] Command 'cleanup_all_models' returned 0; elapsed 0Total elapsed time: 63.781 sec.
@I [HLS-10] Starting code transformations ...
@0 [HLS-0] Starting code transformations ...
@I [HLS-0] std xform: transform -hls -share-std-xform -always-inline -promote-dbg-pointer  -interface-preproc  -scalarrepl -mem2reg -keep-read-access -instcombine -dce  -promote-dbg-pointer  -bitop-raise  -indvars -loop-simplify -xunroll  -constprop -instcombine -simplifycfg -indvars  -simplifycfg -dce -globaldce  -basicaa  -simplifycfg -mem2reg -globalopt  -global-constprop -deadargelim -instcombine -simplifycfg  -prune-eh -simplifycfg  -scalarrepl -instcombine -reassociate -licm  -simplifycfg -loop-simplify -indvars -instcombine  -simplifycfg -mem2reg -loop-simplify -indvars -instcombine  -gvn -gvn -instcombine -adce  -break-crit-edges  -simplifycfg -loop-delete  -global-array-opt -dce -dse -adce  -find-syn-modules -top cordic  -deadargelim  -mem2reg -instcombine -dce  -presyn-prepare -auto-rom-infer  -syn-check -check-rec-only  -find-region -simplifycfg -func-extr -function-inline  -mem2reg -instcombine -dce   -gvn -adce -adse  -constprop -instcombine -bit-constprop  -instcombine -dce -simplifycfg -bitop-raise  -simplifycfg -dce -loop-delete  -globalopt -global-privatize -mem2reg -dce  -global-constprop -pointer-simplify -constprop -dce  -func-inst  -promote-dbg-pointer  -norm-name   /home/student/gsf52/ece5775/float_iter_100.prj/solution1/.autopilot/db/a.g.0.bc -o /home/student/gsf52/ece5775/float_iter_100.prj/solution1/.autopilot/db/a.g.1.bc -f  -phase std-opt
@I [HLS-0] Std xform time: 0 seconds per iteration
@I [HLS-10] Checking synthesizability ...
@0 [HLS-0] Checking synthesizability ...
@I [HLS-0] syn check 1/2: transform -hls -syn-check -check-rec-only -disaggr -scalarrepl -norm-name -dce  -mem2reg -instcombine  -directive-preproc -mem2reg -dse -dce -auto-rom-infer -dce  -array-normalize -instcombine -dce  -array-seg-normalize -instcombine -dce  -array-flatten -instcombine -dce  -array-burst -dce  -deadargelim -promote-global-argument  -doublePtrSimplify -doublePtrElim -dce  -doublePtrSimplify -promote-dbg-pointer  -dce -scalarrepl -dse -adse -instcombine  -ptrLegalization  -simplifycfg -dce -instcombine  -pointer-simplify -ptrArgReplace -dce -instcombine   -disaggr -scalarrepl -norm-name -dce  -mem2reg -instcombine -ptrLegalization   -simplifycfg  -instcombine -dce -inst-simplify  -directive-preproc -mem2reg -dse -dce  -globaldce    /home/student/gsf52/ece5775/float_iter_100.prj/solution1/.autopilot/db/a.g.1.bc -o /home/student/gsf52/ece5775/float_iter_100.prj/solution1/.autopilot/db/a.g.2.prechk.bc -f
@I [HLS-0] Syn check 1/2 time: 0 seconds per iteration
@I [HLS-0] syn check 2/2: transform -syn-check   -interface-gen -constprop -dse -dce  /home/student/gsf52/ece5775/float_iter_100.prj/solution1/.autopilot/db/a.g.2.prechk.bc -o /home/student/gsf52/ece5775/float_iter_100.prj/solution1/.autopilot/db/a.g.2.bc -f  -phase syn-check
@I [HLS-0] Syn check 2/2 time: 0 seconds per iteration
@I [HLS-0] Compiler optimizing ...
@I [HLS-0] Share syncheck's 1.bc for syn flow: copy /home/student/gsf52/ece5775/float_iter_100.prj/solution1/.autopilot/db/a.g.1.bc to /home/student/gsf52/ece5775/float_iter_100.prj/solution1/.autopilot/db/a.o.1.bc
@I [HLS-0] presyn 1: transform -hls  -directive-preproc -mem2reg -dse -dce  -disaggr -scalarrepl -norm-name -deadargelim  -mem2reg -instcombine -dce -auto-rom-infer -dce  -directive-preproc -mem2reg -dse -dce  -func-buffer -dce -array-normalize  -func-legal -instcombine -gvn -constprop -dce   -ptrArgReplace -mem2reg -instcombine -dce  -array-seg-normalize -deadargelim  -instcombine -dce  -pointer-simplify -dce  -port-alignment -dce  -data-pack -instcombine -dce   -loop-simplify -indvars -instcombine  -gvn -loop-simplify -mem2reg -dce -simplifycfg  -find-region -instcombine  -array-burst -dce  -auto-loop-pipeline  -inst-simplify  -interface-preproc  -indvars -auto-loop-unroll -loop-simplify -loop-bound -xunroll  -constprop -instcombine -simplifycfg -indvars  -simplifycfg -dce -globaldce  -gvn -disable-agg-range -inst-simplify  -constprop -simplifycfg -dce  -pointer-simplify -dce  -array-transform-check  -globalopt -constprop -dce  -array-promote -constprop -instcombine -dce -auto-par -array-partition -instcombine -simplifycfg -dce  -ptrArgReplace -global-constprop -deadargelim -mem2reg  -func-legal -instcombine -dce -global-constprop -deadargelim -mem2reg  -instcombine -simplifycfg -dce  -array-reshape -instcombine -simplifycfg -dce   -mem-intrinsic-preproc -dce  -global-privatize  -mem2reg -globaldce  -promote-global-argument  -ptrArgReplace -mem2reg -instcombine -dce  -globalopt -mergereturn -simplify-global-access -mem2reg -dce  -pointer-simplify -dce  -functionattrs  -basicaa -aggr-aa -aggrmodref-aa -aggr-aa -gvn -gvn  -basicaa -aggr-aa -aggrmodref-aa -aggr-aa -dse -adse -adce  -inst-simplify -dce -norm-name  -function-inline  -func-inst -constprop -instcombine -simplifycfg -dce  -func-legal -dce   -directive-preproc -mem2reg -dse -dce  -loop-bound  -arraycheck -bitwidthmin -on-by-dataflow  -instcombine -simplifycfg -dce -loop-simplify -simplifycfg -loop-stream -instcombine -simplifycfg -dce -globaldce  -funstream-prep -function-stream -dce -globaldce  -array-streaming -instcombine -simplifycfg -dce      -group-axi-access  -simplifycfg -dce -loop-delete  -norm-name  /home/student/gsf52/ece5775/float_iter_100.prj/solution1/.autopilot/db/a.o.1.bc -o /home/student/gsf52/ece5775/float_iter_100.prj/solution1/.autopilot/db/a.o.1.tmp.bc -f
@I [HLS-0] Presyn 1 time: 0 seconds per iteration
@I [HLS-0] presyn 2: transform -hls -keep-callgraph -scalarrepl -mem2reg  -port-alignment -dce  -indvars -loop-bound  -inst-simplify -instcombine -dce  -merge-array-access -mem2reg -dce  -clean-region -mergereturn -if-conv  -instcombine -dce -constprop  -basicaa -aggr-aa -aggrmodref-aa -aggr-aa -gvn -gvn  -basicaa -aggr-aa -aggrmodref-aa -aggr-aa -dse -adse -adce  -scalarrepl -mem2reg  -global-constprop -deadargelim -deadargelim  -instcombine -dce -simplifycfg    -ptrArgReplace -mem2reg -function-inline  -mem2reg -instcombine -dce -expr-balance  -instcombine -dce  -bitwidthmin  -directive-preproc  -inst-rectify -instcombine -dce  -functionattrs  -constprop -instcombine -bit-constprop  -simplify-global-access  -globalopt -globaldce  -inst-simplify -instcombine -elimdeaddata -dce  -loop-delete -simplifycfg   -norm-name /home/student/gsf52/ece5775/float_iter_100.prj/solution1/.autopilot/db/a.o.1.tmp.bc -o /home/student/gsf52/ece5775/float_iter_100.prj/solution1/.autopilot/db/a.o.2.bc -f  -phase presyn
@I [HLS-0] Presyn 2 time: 0 seconds per iteration
@I [HLS-0] build ssdm: transform -hls -function-uniquify -auto-function-inline  -loop-simplify -indvars -licm -loop-dep  -loop-bound -licm -loop-simplify -flattenloopnest  -array-flatten -gvn -instcombine -dce  -promote-global-argument  -array-map -dce -func-legal  -gvn -adce -instcombine -cfgopt -simplifycfg -loop-simplify   -axi4-lower -array-seg-normalize  -basicaa -aggrmodref-aa -globalsmodref-aa -aggr-aa -gvn -gvn  -basicaa -aggrmodref-aa -globalsmodref-aa -aggr-aa -dse -adse -adce  -inst-simplify -dce  -globaldce -array-streaming -instcombine  -dce   -deadargelim -doublePtrSimplify -doublePtrElim  -dce -doublePtrSimplify -promote-dbg-pointer -dce  -scalarrepl -mem2reg -disaggr -norm-name -mem2reg  -instcombine  -dse -adse -adce -ptrLegalization -dce -auto-rom-infer -dce -instcombine  -loop-rot -constprop -cfgopt -simplifycfg -indvars -pointer-simplify -dce -loop-bound  -loop-simplify -loop-preproc  -constprop -gvn -mem2reg -instcombine -dce  -loop-merge -dce  -bitwidthmin  -directive-preproc -inst-simplify -dce  -interface-gen -gvn -mem2reg -instcombine -dce -adse  -loop-bound  -instcombine -cfgopt -simplifycfg -loop-simplify  -clean-region -io-protocol  -find-region -mem2reg  -loop-simplify -phi-opt -bitop-raise  -inst-simplify -inst-rectify -instcombine -adce -deadargelim  -cfgopt -simplifycfg -strip-dead-prototypes  -interface-lower -bitop-lower -intrinsic-lower  -basicaa -aggrmodref-aa -globalsmodref-aa -aggr-aa  -inst-simplify -simplifycfg   -mergereturn -inst-simplify -inst-rectify  -dce -bitop-lower  -loop-rewind -pointer-simplify -dce -cfgopt  -norm-name -legalize -read-loop-dep -dce -bitwidth   -cdfg-build  /home/student/gsf52/ece5775/float_iter_100.prj/solution1/.autopilot/db/a.o.2.bc -o /home/student/gsf52/ece5775/float_iter_100.prj/solution1/.autopilot/db/a.o.3.bc -f  -phase build-ssdm
@I [HLS-0] Build ssdm time: 0 seconds per iteration
@I [HLS-0] Finish building internal data model.
@I [HLS-100] Command 'opt_and_import_c' returned 0; elapsed 0.47Total elapsed time: 64.487 sec.
@I [HLS-111] Elapsed time: 2.62 seconds; current memory usage: 109 MB.
@I [HLS-100] Command 'elaborate' returned 0; elapsed 1.76Total elapsed time: 64.489 sec.
@I [HLS-100] Command "autosyn "
@I [HLS-10] Starting hardware synthesis ...
@0 [HLS-0] Starting hardware synthesis ...
@I [HLS-0] Synthesizing C/C++ design ...
@I [HLS-10] Synthesizing 'cordic' ...
@0 [HLS-0] Synthesizing 'cordic' ...
@I [HLS-100] Command "ap_set_top_model cordic "
@I [HLS-100] Command 'ap_set_top_model' returned 0; elapsed 0Total elapsed time: 64.490 sec.
@I [HLS-100] Command "get_model_list cordic -filter all-wo-channel -topdown "
@I [HLS-100] Command 'get_model_list' returned 0; elapsed 0Total elapsed time: 64.490 sec.
@I [HLS-100] Command "preproc_iomode -model cordic "
@I [HLS-100] Command 'preproc_iomode' returned 0; elapsed 0Total elapsed time: 64.490 sec.
@I [HLS-100] Command "get_model_list cordic -filter all-wo-channel "
@I [HLS-100] Command 'get_model_list' returned 0; elapsed 0Total elapsed time: 64.490 sec.
@I [HLS-0] Model list for configure: cordic
@I [HLS-0] Configuring Module : cordic ...
@I [HLS-100] Command "set_default_model cordic "
@I [HLS-100] Command 'set_default_model' returned 0; elapsed 0Total elapsed time: 64.490 sec.
@I [HLS-100] Command "apply_spec_resource_limit cordic "
@I [HLS-100] Command 'apply_spec_resource_limit' returned 0; elapsed 0Total elapsed time: 64.490 sec.
@I [HLS-0] Model list for preprocess: cordic
@I [HLS-0] Preprocessing Module: cordic ...
@I [HLS-100] Command "set_default_model cordic "
@I [HLS-100] Command 'set_default_model' returned 0; elapsed 0Total elapsed time: 64.490 sec.
@I [HLS-100] Command "cdfg_preprocess -model cordic "
@I [HLS-100] Command 'cdfg_preprocess' returned 0; elapsed 0Total elapsed time: 64.491 sec.
@I [HLS-100] Command "rtl_gen_preprocess cordic "
@I [HLS-100] Command 'rtl_gen_preprocess' returned 0; elapsed 0Total elapsed time: 64.492 sec.
@I [HLS-0] Model list for synthesis: cordic
@I [HLS-10] ----------------------------------------------------------------
@0 [HLS-0] ----------------------------------------------------------------
@I [HLS-10] -- Scheduling module 'cordic' 
@0 [HLS-0] -- Scheduling module 'cordic' 
@I [HLS-10] ----------------------------------------------------------------
@0 [HLS-0] ----------------------------------------------------------------
@I [HLS-100] Command "set_default_model cordic "
@I [HLS-100] Command 'set_default_model' returned 0; elapsed 0Total elapsed time: 64.492 sec.
@I [HLS-100] Command "schedule -model cordic "
@I [SCHED-11] Starting scheduling ...
@I [SCHED-11] Finished scheduling.
@I [HLS-100] Command 'schedule' returned 0; elapsed 0.1Total elapsed time: 64.594 sec.
@I [HLS-111] Elapsed time: 0.1 seconds; current memory usage: 109 MB.
@I [HLS-100] Command "report -o /home/student/gsf52/ece5775/float_iter_100.prj/solution1/.autopilot/db/cordic.verbose.sched.rpt -verbose -f "
@I [HLS-100] Command 'report' returned 0; elapsed 0.01Total elapsed time: 64.603 sec.
@I [HLS-100] Command "db_write -o /home/student/gsf52/ece5775/float_iter_100.prj/solution1/.autopilot/db/cordic.sched.adb -f "
@I [HLS-100] Command 'db_write' returned 0; elapsed 0Total elapsed time: 64.616 sec.
@I [HLS-0] Finish scheduling cordic.
@I [HLS-10] ----------------------------------------------------------------
@0 [HLS-0] ----------------------------------------------------------------
@I [HLS-10] -- Exploring micro-architecture for module 'cordic' 
@0 [HLS-0] -- Exploring micro-architecture for module 'cordic' 
@I [HLS-10] ----------------------------------------------------------------
@0 [HLS-0] ----------------------------------------------------------------
@I [HLS-100] Command "set_default_model cordic "
@I [HLS-100] Command 'set_default_model' returned 0; elapsed 0Total elapsed time: 64.618 sec.
@I [HLS-100] Command "bind -model cordic "
@I [BIND-110] clear=
@I [BIND-110] debug=
@I [BIND-110] drf=
@I [BIND-110] effort=
@I [BIND-110] fast_refine=
@I [BIND-110] fu_weight=[ 0.0 -- 1.0 ]
@I [BIND-110] global_opt=
@I [BIND-110] gsearch=
@I [BIND-110] help=
@I [BIND-110] help-hidden=
@I [BIND-110] min_mem_port=
@I [BIND-110] min_op=
@I [BIND-110] minreg=
@I [BIND-110] ml=
@I [BIND-110] model=cordic
@I [BIND-110] no_false_path=
@I [BIND-110] no_min_op=
@I [BIND-110] normalize=
@I [BIND-110] quiet=
@I [BIND-110] refine=
@I [BIND-110] reg_weight=[ 0.0 -- 1.0 ]
@I [BIND-110] search=
@I [BIND-110] tight_delay=
@I [BIND-110] verbose=
@I [BIND-110] wFF=
@I [BIND-110] wFU=
@I [BIND-110] wMUX=
@I [BIND-110] wNET=
@I [BIND-100] Starting micro-architecture generation ...
@I [BIND-101] Performing variable lifetime analysis.
@I [BIND-101] Exploring resource sharing.
@I [BIND-101] Binding ...
@I [BIND-100] Finished micro-architecture generation.
@I [HLS-100] Command 'bind' returned 0; elapsed 0.02Total elapsed time: 64.639 sec.
@I [HLS-111] Elapsed time: 0.03 seconds; current memory usage: 110 MB.
@I [HLS-100] Command "report -o /home/student/gsf52/ece5775/float_iter_100.prj/solution1/.autopilot/db/cordic.verbose.bind.rpt -verbose -f "
@I [HLS-100] Command 'report' returned 0; elapsed 0.02Total elapsed time: 64.660 sec.
@I [HLS-100] Command "db_write -o /home/student/gsf52/ece5775/float_iter_100.prj/solution1/.autopilot/db/cordic.bind.adb -f "
@I [HLS-100] Command 'db_write' returned 0; elapsed 0.02Total elapsed time: 64.677 sec.
@I [HLS-0] Finish binding cordic.
@I [HLS-100] Command "get_model_list cordic -filter all-wo-channel "
@I [HLS-100] Command 'get_model_list' returned 0; elapsed 0Total elapsed time: 64.677 sec.
@I [HLS-0] Preprocessing for RTLGen ...
@I [HLS-100] Command "rtl_gen_preprocess cordic "
@I [HLS-100] Command 'rtl_gen_preprocess' returned 0; elapsed 0Total elapsed time: 64.678 sec.
@I [HLS-0] Model list for RTL generation: cordic
@I [HLS-10] ----------------------------------------------------------------
@0 [HLS-0] ----------------------------------------------------------------
@I [HLS-10] -- Generating RTL for module 'cordic' 
@0 [HLS-0] -- Generating RTL for module 'cordic' 
@I [HLS-10] ----------------------------------------------------------------
@0 [HLS-0] ----------------------------------------------------------------
@I [HLS-100] Command "create_rtl_model cordic -vendor xilinx -mg_file /home/student/gsf52/ece5775/float_iter_100.prj/solution1/.autopilot/db/cordic.compgen.tcl "
@I [RTGEN-500] Setting interface mode on port 'cordic/theta' to 'ap_none'.
@I [RTGEN-500] Setting interface mode on port 'cordic/s' to 'ap_vld'.
@I [RTGEN-500] Setting interface mode on port 'cordic/c' to 'ap_vld'.
@I [RTGEN-500] Setting interface mode on function 'cordic' to 'ap_ctrl_hs'.
@I [RTGEN-100] Generating core module 'cordic_dadddsub_64ns_64ns_64_5_full_dsp': 1 instance(s).
@I [RTGEN-100] Generating core module 'cordic_dcmp_64ns_64ns_1_3': 1 instance(s).
@I [RTGEN-100] Generating core module 'cordic_ddiv_64ns_64ns_64_31': 1 instance(s).
@I [RTGEN-100] Generating core module 'cordic_uitodp_32ns_64_6': 1 instance(s).
@I [RTGEN-100] Finished creating RTL model for 'cordic'.
@I [HLS-100] Command 'create_rtl_model' returned 0; elapsed 0.04Total elapsed time: 64.715 sec.
@I [HLS-111] Elapsed time: 0.08 seconds; current memory usage: 110 MB.
@I [HLS-100] Command "source /home/student/gsf52/ece5775/float_iter_100.prj/solution1/.autopilot/db/cordic.rtl_wrap.cfg.tcl "
@I [HLS-100] Command 'ap_source' returned 0; elapsed 0Total elapsed time: 64.718 sec.
@I [HLS-100] Command "gen_rtl cordic -istop -style xilinx -tracefl mytrace -tracefmt vcd -traceopt all -f -lang sc -o /home/student/gsf52/ece5775/float_iter_100.prj/solution1/syn/systemc/cordic -synmodules cordic "
@I [HLS-100] Command 'gen_rtl' returned 0; elapsed 0Total elapsed time: 64.741 sec.
@I [HLS-100] Command "gen_rtl cordic -istop -style xilinx -f -lang vhdl -o /home/student/gsf52/ece5775/float_iter_100.prj/solution1/syn/vhdl/cordic "
@I [HLS-100] Command 'gen_rtl' returned 0; elapsed 0.01Total elapsed time: 64.755 sec.
@I [HLS-100] Command "gen_rtl cordic -istop -style xilinx -f -lang vlog -o /home/student/gsf52/ece5775/float_iter_100.prj/solution1/syn/verilog/cordic "
@I [HLS-100] Command 'gen_rtl' returned 0; elapsed 0Total elapsed time: 64.763 sec.
@I [HLS-100] Command "export_constraint_db -o /home/student/gsf52/ece5775/float_iter_100.prj/solution1/.autopilot/db/cordic.constraint.tcl -f -tool general "
@I [HLS-100] Command 'export_constraint_db' returned 0; elapsed 0Total elapsed time: 64.764 sec.
@I [HLS-100] Command "report -model cordic -o /home/student/gsf52/ece5775/float_iter_100.prj/solution1/.autopilot/db/cordic.design.xml -verbose -f -dv "
@I [HLS-100] Command 'report' returned 0; elapsed 0.01Total elapsed time: 64.773 sec.
@I [HLS-100] Command "gen_tb_info cordic -o /home/student/gsf52/ece5775/float_iter_100.prj/solution1/.autopilot/db/cordic -p /home/student/gsf52/ece5775/float_iter_100.prj/solution1/.autopilot/db "
@I [HLS-100] Command 'gen_tb_info' returned 0; elapsed 0Total elapsed time: 64.789 sec.
@I [HLS-100] Command "report -model cordic -o /home/student/gsf52/ece5775/float_iter_100.prj/solution1/syn/report/cordic_csynth.rpt -f "
@I [HLS-100] Command 'report' returned 0; elapsed 0.01Total elapsed time: 64.805 sec.
@I [HLS-100] Command "report -model cordic -o /home/student/gsf52/ece5775/float_iter_100.prj/solution1/syn/report/cordic_csynth.xml -f -x "
@I [HLS-100] Command 'report' returned 0; elapsed 0.01Total elapsed time: 64.811 sec.
@I [HLS-100] Command "report -model cordic -o /home/student/gsf52/ece5775/float_iter_100.prj/solution1/.autopilot/db/cordic.verbose.rpt -verbose -f "
@I [HLS-100] Command 'report' returned 0; elapsed 0.02Total elapsed time: 64.838 sec.
@I [HLS-100] Command "db_write -model cordic -o /home/student/gsf52/ece5775/float_iter_100.prj/solution1/.autopilot/db/cordic.adb -f "
@I [HLS-100] Command 'db_write' returned 0; elapsed 0.02Total elapsed time: 64.860 sec.
@I [HLS-100] Command "sc_get_clocks cordic "
@I [HLS-100] Command 'sc_get_clocks' returned 0; elapsed 0Total elapsed time: 64.888 sec.
@I [HLS-100] Command "sc_get_portdomain cordic "
@I [HLS-100] Command 'sc_get_portdomain' returned 0; elapsed 0Total elapsed time: 64.888 sec.
@I [HLS-0] Model list for RTL component generation: cordic
@I [HLS-0] Handling components in module [cordic] ... 
@I [HLS-100] Command "source /home/student/gsf52/ece5775/float_iter_100.prj/solution1/.autopilot/db/cordic.compgen.tcl "
@I [HLS-0] Found component cordic_dadddsub_64ns_64ns_64_5_full_dsp.
@I [HLS-0] Append model cordic_dadddsub_64ns_64ns_64_5_full_dsp
@I [HLS-0] Found component cordic_ddiv_64ns_64ns_64_31.
@I [HLS-0] Append model cordic_ddiv_64ns_64ns_64_31
@I [HLS-0] Found component cordic_dcmp_64ns_64ns_1_3.
@I [HLS-0] Append model cordic_dcmp_64ns_64ns_1_3
@I [HLS-0] Found component cordic_uitodp_32ns_64_6.
@I [HLS-0] Append model cordic_uitodp_32ns_64_6
@I [HLS-0] Found component cordic_angles.
@I [HLS-0] Append model cordic_angles
@I [HLS-100] Command 'ap_source' returned 0; elapsed 0Total elapsed time: 64.892 sec.
@I [HLS-0] Append model cordic
@I [HLS-0] Generating RTL model list ...
@I [HLS-0] All models in this session: cordic_dadddsub_64ns_64ns_64_5_full_dsp cordic_ddiv_64ns_64ns_64_31 cordic_dcmp_64ns_64ns_1_3 cordic_uitodp_32ns_64_6 cordic_angles cordic
@I [HLS-0] To file: write model cordic_dadddsub_64ns_64ns_64_5_full_dsp
@I [HLS-0] To file: write model cordic_ddiv_64ns_64ns_64_31
@I [HLS-0] To file: write model cordic_dcmp_64ns_64ns_1_3
@I [HLS-0] To file: write model cordic_uitodp_32ns_64_6
@I [HLS-0] To file: write model cordic_angles
@I [HLS-0] To file: write model cordic
@I [HLS-0] Finished generating RTL model list.


@I [HLS-0] RTL Generation done.
@I [HLS-0] CAS Generation done.
@I [HLS-0] CBC Generation done.
@I [HLS-100] Command "export_ssdm /home/student/gsf52/ece5775/float_iter_100.prj/solution1/.autopilot/db/a.export.ll "
@I [HLS-100] Command 'export_ssdm' returned 0; elapsed 0Total elapsed time: 64.895 sec.
@I [HLS-100] Command "source /home/student/gsf52/ece5775/float_iter_100.prj/solution1/.autopilot/db/global.setting.tcl "
@I [HLS-100] Command 'ap_source' returned 0; elapsed 0Total elapsed time: 64.907 sec.
@I [HLS-100] Command "source /opt/xilinx/Vivado_HLS/2014.2/common/technology/generic/autopilot/common.gen "
@I [HLS-100] Command "source /opt/xilinx/Vivado_HLS/2014.2/common/technology/generic/autopilot/APCoreGen.gen "
@I [HLS-100] Command 'ap_source' returned 0; elapsed 0Total elapsed time: 64.911 sec.
@I [HLS-100] Command 'ap_source' returned 0; elapsed 0Total elapsed time: 64.912 sec.
@I [HLS-100] Command "source /opt/xilinx/Vivado_HLS/2014.2/common/technology/generic/autopilot/op.gen "
@I [HLS-100] Command 'ap_source' returned 0; elapsed 0.01Total elapsed time: 64.914 sec.
@I [HLS-100] Command "source /opt/xilinx/Vivado_HLS/2014.2/common/technology/generic/autopilot/op_simcore.gen "
@I [HLS-100] Command 'ap_source' returned 0; elapsed 0Total elapsed time: 64.917 sec.
@I [HLS-100] Command "source /opt/xilinx/Vivado_HLS/2014.2/common/technology/generic/autopilot/interface.gen "
@I [HLS-100] Command 'ap_source' returned 0; elapsed 0Total elapsed time: 64.918 sec.
@I [HLS-100] Command "source /home/student/gsf52/ece5775/float_iter_100.prj/solution1/.autopilot/db/global.setting.tcl "
@I [HLS-100] Command 'ap_source' returned 0; elapsed 0Total elapsed time: 64.918 sec.
@I [HLS-100] Command "source /opt/xilinx/Vivado_HLS/2014.2/common/technology/xilinx/zynq/zynq.gen "
@I [HLS-100] Command "source /opt/xilinx/Vivado_HLS/2014.2/common/technology/xilinx/common/virtex.gen "
@I [HLS-100] Command "source /opt/xilinx/Vivado_HLS/2014.2/common/technology/xilinx/common/xilinx.gen "
@I [HLS-100] Command "source /opt/xilinx/Vivado_HLS/2014.2/common/technology/xilinx/interface/plb46.gen "
@I [HLS-100] Command 'ap_source' returned 0; elapsed 0Total elapsed time: 64.929 sec.
@I [HLS-100] Command "source /opt/xilinx/Vivado_HLS/2014.2/common/technology/xilinx/interface/fsl.gen "
@I [HLS-100] Command 'ap_source' returned 0; elapsed 0Total elapsed time: 64.932 sec.
@I [HLS-100] Command "source /opt/xilinx/Vivado_HLS/2014.2/common/technology/xilinx/interface/axi4.gen "
@I [HLS-100] Command 'ap_source' returned 0; elapsed 0Total elapsed time: 64.937 sec.
@I [HLS-100] Command "source /opt/xilinx/Vivado_HLS/2014.2/common/technology/xilinx/interface/nativeAXI4.gen "
@I [HLS-100] Command "source /opt/xilinx/Vivado_HLS/2014.2/common/technology/xilinx/interface/saxilite.gen "
@I [HLS-100] Command 'ap_source' returned 0; elapsed 0.01Total elapsed time: 64.943 sec.
@I [HLS-100] Command "source /opt/xilinx/Vivado_HLS/2014.2/common/technology/xilinx/interface/maxi.gen "
@I [HLS-100] Command 'ap_source' returned 0; elapsed 0Total elapsed time: 64.950 sec.
@I [HLS-100] Command 'ap_source' returned 0; elapsed 0.01Total elapsed time: 64.950 sec.
@I [HLS-100] Command "source /opt/xilinx/Vivado_HLS/2014.2/common/technology/xilinx/scripts/xilinxcoregen.gen "
@I [HLS-100] Command 'ap_source' returned 0; elapsed 0.01Total elapsed time: 64.965 sec.
@I [HLS-100] Command "source /opt/xilinx/Vivado_HLS/2014.2/common/technology/xilinx/interface/XilEDKCoreGen.gen "
@I [HLS-100] Command 'ap_source' returned 0; elapsed 0.01Total elapsed time: 64.980 sec.
@I [HLS-100] Command "source /opt/xilinx/Vivado_HLS/2014.2/common/technology/xilinx/ip/util.gen "
@I [HLS-100] Command 'ap_source' returned 0; elapsed 0Total elapsed time: 64.984 sec.
@I [HLS-100] Command "source /opt/xilinx/Vivado_HLS/2014.2/common/technology/xilinx/ip/xfft.gen "
@I [HLS-100] Command 'ap_source' returned 0; elapsed 0.16Total elapsed time: 65.150 sec.
@I [HLS-100] Command "source /opt/xilinx/Vivado_HLS/2014.2/common/technology/xilinx/ip/xfir.gen "
@I [HLS-100] Command 'ap_source' returned 0; elapsed 0.04Total elapsed time: 65.191 sec.
@I [HLS-100] Command 'ap_source' returned 0; elapsed 0.24Total elapsed time: 65.191 sec.
@I [HLS-100] Command "source /opt/xilinx/Vivado_HLS/2014.2/common/technology/xilinx/common/dsp48.gen "
@I [HLS-100] Command 'ap_source' returned 0; elapsed 0Total elapsed time: 65.195 sec.
@I [HLS-100] Command 'ap_source' returned 0; elapsed 0.25Total elapsed time: 65.195 sec.
@I [HLS-100] Command 'ap_source' returned 0; elapsed 0.25Total elapsed time: 65.195 sec.
@I [HLS-100] Command "source /opt/xilinx/Vivado_HLS/2014.2/common/technology/xilinx/zynq/zynq_fpv6.gen "
@I [HLS-100] Command "source /opt/xilinx/Vivado_HLS/2014.2/common/technology/xilinx/common/xilinx_fpv6.gen "
@I [HLS-100] Command 'ap_source' returned 0; elapsed 0.01Total elapsed time: 65.200 sec.
@I [HLS-100] Command 'ap_source' returned 0; elapsed 0.01Total elapsed time: 65.200 sec.
@I [HLS-100] Command "source /home/student/gsf52/ece5775/float_iter_100.prj/solution1/.autopilot/db/global.setting.tcl "
@I [HLS-100] Command 'ap_source' returned 0; elapsed 0Total elapsed time: 65.201 sec.
@I [HLS-100] Command "source /home/student/gsf52/ece5775/float_iter_100.prj/solution1/.autopilot/db/cordic.compgen.tcl "
@I [RTMG-279] Implementing memory 'cordic_angles_rom' using auto ROMs.
@I [HLS-100] Command 'ap_source' returned 0; elapsed 0.08Total elapsed time: 65.367 sec.
@I [HLS-10] Finished generating all RTL models.
@0 [HLS-0] Finished generating all RTL models.
@I [WSYSC-301] Generating RTL SystemC for 'cordic'.
@I [WVHDL-304] Generating RTL VHDL for 'cordic'.
@I [WVLOG-307] Generating RTL Verilog for 'cordic'.
@I [HLS-100] Command 'autosyn' returned 0; elapsed 0.7Total elapsed time: 65.491 sec.
@I [HLS-100] Command 'csynth_design' returned 0; elapsed 2.46Total elapsed time: 65.491 sec.
@I [HLS-100] Command "source ./script/collect_result.tcl "
@I [HLS-100] Command 'ap_source' returned 0; elapsed 0Total elapsed time: 65.497 sec.
@I [HLS-100] Command "cleanup_all "
@I [HLS-100] Command 'cleanup_all' returned 0; elapsed 0.01Total elapsed time: 65.508 sec.
